2025-12-12 19:53:34,090 - INFO - Starting tinydaw
2025-12-12 19:53:34,110 - INFO - Audio initialized
2025-12-12 19:53:40,254 - INFO - Loaded sound for Channel 0: drums.wav
2025-12-12 19:53:45,644 - INFO - Channel 0 assigned key 100 (D)
2025-12-12 19:53:47,311 - DEBUG - Triggering Channel 0 in ONESHOT
2025-12-12 19:53:47,596 - DEBUG - Triggering Channel 0 in ONESHOT
2025-12-12 19:53:47,789 - DEBUG - Triggering Channel 0 in ONESHOT
2025-12-12 19:53:47,952 - DEBUG - Triggering Channel 0 in ONESHOT
2025-12-12 19:53:48,552 - DEBUG - Triggering Channel 0 in ONESHOT
2025-12-12 19:53:48,593 - DEBUG - Triggering Channel 0 in ONESHOT
2025-12-12 19:53:48,634 - DEBUG - Triggering Channel 0 in ONESHOT
2025-12-12 19:53:48,675 - DEBUG - Triggering Channel 0 in ONESHOT
2025-12-12 19:53:48,716 - DEBUG - Triggering Channel 0 in ONESHOT
2025-12-12 19:53:48,747 - DEBUG - Triggering Channel 0 in ONESHOT
2025-12-12 19:53:48,788 - DEBUG - Triggering Channel 0 in ONESHOT
2025-12-12 19:53:48,829 - DEBUG - Triggering Channel 0 in ONESHOT
2025-12-12 19:53:48,870 - DEBUG - Triggering Channel 0 in ONESHOT
2025-12-12 19:53:48,911 - DEBUG - Triggering Channel 0 in ONESHOT
2025-12-12 19:53:48,951 - DEBUG - Triggering Channel 0 in ONESHOT
2025-12-12 19:53:48,992 - DEBUG - Triggering Channel 0 in ONESHOT
2025-12-12 19:53:49,226 - DEBUG - Triggering Channel 0 in ONESHOT
2025-12-12 19:53:49,410 - DEBUG - Triggering Channel 0 in ONESHOT
2025-12-12 19:53:49,573 - DEBUG - Triggering Channel 0 in ONESHOT
2025-12-12 19:53:49,766 - DEBUG - Triggering Channel 0 in ONESHOT
2025-12-12 19:53:49,939 - DEBUG - Triggering Channel 0 in ONESHOT
2025-12-12 19:53:50,092 - DEBUG - Triggering Channel 0 in ONESHOT
2025-12-12 19:53:50,244 - DEBUG - Triggering Channel 0 in ONESHOT
2025-12-12 19:53:50,417 - DEBUG - Triggering Channel 0 in ONESHOT
2025-12-12 19:53:50,621 - DEBUG - Triggering Channel 0 in ONESHOT
2025-12-12 19:53:50,885 - DEBUG - Triggering Channel 0 in ONESHOT
2025-12-12 19:53:51,068 - DEBUG - Triggering Channel 0 in ONESHOT
2025-12-12 19:53:54,727 - INFO - Channel 0 switched to GATE
2025-12-12 19:53:55,987 - DEBUG - Triggering Channel 0 in GATE
2025-12-12 19:53:55,987 - DEBUG - Gate Start
2025-12-12 19:53:56,150 - DEBUG - Triggering Channel 0 in GATE
2025-12-12 19:53:56,303 - DEBUG - Triggering Channel 0 in GATE
2025-12-12 19:53:56,445 - DEBUG - Triggering Channel 0 in GATE
2025-12-12 19:53:56,952 - DEBUG - Channel 0 Gate Stop
2025-12-12 19:55:57,560 - INFO - Starting tinydaw
2025-12-12 19:55:57,579 - INFO - Audio initialized
2025-12-12 19:56:17,713 - INFO - Loaded sound for Channel 0: drums.wav
2025-12-12 19:56:22,651 - INFO - Channel 0 assigned key 100 (D)
2025-12-12 19:56:26,840 - DEBUG - Triggering Channel 0 in ONESHOT
2025-12-12 19:56:32,519 - INFO - Channel 0 switched to GATE
2025-12-12 19:56:33,717 - DEBUG - Triggering Channel 0 in GATE
2025-12-12 19:56:33,717 - DEBUG - Gate Start
2025-12-12 19:56:34,226 - DEBUG - Channel 0 Gate Stop
2025-12-12 19:56:34,460 - DEBUG - Triggering Channel 0 in GATE
2025-12-12 19:56:34,460 - DEBUG - Gate Start
2025-12-12 19:56:34,969 - DEBUG - Channel 0 Gate Stop
2025-12-12 19:56:39,529 - INFO - Channel 0 switched to RETRIGGER
2025-12-12 19:56:41,360 - DEBUG - Triggering Channel 0 in RETRIGGER
2025-12-12 19:56:41,705 - DEBUG - Triggering Channel 0 in RETRIGGER
2025-12-12 19:56:41,858 - DEBUG - Triggering Channel 0 in RETRIGGER
2025-12-12 19:56:42,001 - DEBUG - Triggering Channel 0 in RETRIGGER
2025-12-12 19:56:42,154 - DEBUG - Triggering Channel 0 in RETRIGGER
2025-12-12 19:56:43,476 - DEBUG - Triggering Channel 0 in RETRIGGER
2025-12-12 19:56:43,659 - DEBUG - Triggering Channel 0 in RETRIGGER
2025-12-12 19:56:43,802 - DEBUG - Triggering Channel 0 in RETRIGGER
2025-12-12 19:56:43,954 - DEBUG - Triggering Channel 0 in RETRIGGER
2025-12-12 19:56:45,112 - DEBUG - Triggering Channel 0 in RETRIGGER
2025-12-12 19:56:45,295 - DEBUG - Triggering Channel 0 in RETRIGGER
2025-12-12 19:56:45,468 - DEBUG - Triggering Channel 0 in RETRIGGER
2025-12-12 19:56:46,261 - DEBUG - Triggering Channel 0 in RETRIGGER
2025-12-12 19:56:46,403 - DEBUG - Triggering Channel 0 in RETRIGGER
2025-12-12 19:56:47,073 - DEBUG - Triggering Channel 0 in RETRIGGER
2025-12-12 19:56:47,226 - DEBUG - Triggering Channel 0 in RETRIGGER
2025-12-12 19:56:48,019 - DEBUG - Triggering Channel 0 in RETRIGGER
2025-12-12 19:56:48,222 - DEBUG - Triggering Channel 0 in RETRIGGER
2025-12-12 19:56:49,056 - DEBUG - Triggering Channel 0 in RETRIGGER
2025-12-12 19:56:49,228 - DEBUG - Triggering Channel 0 in RETRIGGER
2025-12-12 19:56:50,173 - DEBUG - Triggering Channel 0 in RETRIGGER
2025-12-12 19:56:50,336 - DEBUG - Triggering Channel 0 in RETRIGGER
2025-12-12 19:56:51,210 - DEBUG - Triggering Channel 0 in RETRIGGER
2025-12-12 19:56:51,403 - DEBUG - Triggering Channel 0 in RETRIGGER
2025-12-12 19:56:51,840 - DEBUG - Triggering Channel 0 in RETRIGGER
2025-12-12 19:56:52,176 - DEBUG - Triggering Channel 0 in RETRIGGER
2025-12-12 19:56:52,492 - DEBUG - Triggering Channel 0 in RETRIGGER
2025-12-12 19:56:52,868 - DEBUG - Triggering Channel 0 in RETRIGGER
2025-12-12 19:56:53,204 - DEBUG - Triggering Channel 0 in RETRIGGER
2025-12-12 19:56:53,377 - DEBUG - Triggering Channel 0 in RETRIGGER
2025-12-12 19:56:53,520 - DEBUG - Triggering Channel 0 in RETRIGGER
2025-12-12 19:56:53,845 - DEBUG - Triggering Channel 0 in RETRIGGER
2025-12-12 20:00:25,669 - INFO - Starting tinydaw
2025-12-12 20:00:25,695 - INFO - Audio initialized
2025-12-12 20:00:47,248 - INFO - Loaded sound for Channel 0: 808hell.wav
2025-12-12 20:01:01,754 - INFO - Loaded sound for Channel 1: 808joker.wav
2025-12-12 20:01:09,980 - INFO - Loaded sound for Channel 2: drums.wav
2025-12-12 20:01:20,233 - INFO - Channel 0 assigned key 49 (1)
2025-12-12 20:01:21,795 - INFO - Channel 1 assigned key 50 (2)
2025-12-12 20:01:22,983 - INFO - Channel 2 assigned key 51 (3)
2025-12-12 20:01:26,834 - DEBUG - Triggering Channel 0 in ONESHOT
2025-12-12 20:01:28,053 - DEBUG - Triggering Channel 0 in ONESHOT
2025-12-12 20:01:29,230 - DEBUG - Triggering Channel 0 in ONESHOT
2025-12-12 20:01:29,668 - DEBUG - Triggering Channel 1 in ONESHOT
2025-12-12 20:01:31,070 - DEBUG - Triggering Channel 1 in ONESHOT
2025-12-12 20:01:32,045 - DEBUG - Triggering Channel 1 in ONESHOT
2025-12-12 20:01:32,827 - DEBUG - Triggering Channel 2 in ONESHOT
2025-12-12 20:01:34,134 - DEBUG - Triggering Channel 1 in ONESHOT
2025-12-12 20:01:34,852 - DEBUG - Triggering Channel 2 in ONESHOT
2025-12-12 20:01:36,993 - DEBUG - Triggering Channel 1 in ONESHOT
2025-12-12 20:01:37,440 - DEBUG - Triggering Channel 2 in ONESHOT
2025-12-12 20:01:40,152 - DEBUG - Channel 2 volume: 0.95
2025-12-12 20:01:40,669 - DEBUG - Channel 2 volume: 0.90
2025-12-12 20:01:40,884 - DEBUG - Channel 2 volume: 0.85
2025-12-12 20:01:41,058 - DEBUG - Channel 2 volume: 0.80
2025-12-12 20:01:41,231 - DEBUG - Triggering Channel 2 in ONESHOT
2025-12-12 20:01:41,849 - DEBUG - Channel 2 volume: 0.75
2025-12-12 20:01:42,033 - DEBUG - Channel 2 volume: 0.70
2025-12-12 20:01:42,197 - DEBUG - Channel 2 volume: 0.65
2025-12-12 20:01:42,370 - DEBUG - Channel 2 volume: 0.60
2025-12-12 20:01:42,534 - DEBUG - Channel 2 volume: 0.55
2025-12-12 20:01:42,698 - DEBUG - Channel 2 volume: 0.50
2025-12-12 20:01:42,862 - DEBUG - Channel 2 volume: 0.45
2025-12-12 20:01:43,269 - DEBUG - Channel 2 volume: 0.50
2025-12-12 20:01:43,869 - DEBUG - Channel 2 volume: 0.55
2025-12-12 20:01:43,910 - DEBUG - Channel 2 volume: 0.60
2025-12-12 20:01:43,952 - DEBUG - Channel 2 volume: 0.65
2025-12-12 20:01:43,994 - DEBUG - Channel 2 volume: 0.70
2025-12-12 20:01:44,026 - DEBUG - Channel 2 volume: 0.75
2025-12-12 20:01:44,068 - DEBUG - Channel 2 volume: 0.80
2025-12-12 20:01:44,110 - DEBUG - Channel 2 volume: 0.85
2025-12-12 20:01:44,152 - DEBUG - Channel 2 volume: 0.90
2025-12-12 20:01:44,194 - DEBUG - Channel 2 volume: 0.95
2025-12-12 20:01:44,226 - DEBUG - Channel 2 volume: 1.00
2025-12-12 20:01:44,267 - DEBUG - Channel 2 volume: 1.00
2025-12-12 20:01:44,309 - DEBUG - Channel 2 volume: 1.00
2025-12-12 20:01:44,350 - DEBUG - Channel 2 volume: 1.00
2025-12-12 20:01:44,391 - DEBUG - Channel 2 volume: 1.00
2025-12-12 20:01:44,433 - DEBUG - Channel 2 volume: 1.00
2025-12-12 20:01:44,474 - DEBUG - Channel 2 volume: 1.00
2025-12-12 20:01:44,505 - DEBUG - Channel 2 volume: 1.00
2025-12-12 20:01:44,547 - DEBUG - Channel 2 volume: 1.00
2025-12-12 20:01:44,588 - DEBUG - Channel 2 volume: 1.00
2025-12-12 20:01:44,974 - DEBUG - Channel 2 volume: 0.95
2025-12-12 20:01:45,584 - DEBUG - Channel 2 volume: 1.00
2025-12-12 20:01:46,164 - DEBUG - Channel 1 volume: 0.95
2025-12-12 20:01:46,338 - DEBUG - Channel 1 volume: 0.90
2025-12-12 20:01:46,501 - DEBUG - Channel 1 volume: 0.85
2025-12-12 20:01:46,665 - DEBUG - Channel 1 volume: 0.80
2025-12-12 20:01:46,838 - DEBUG - Channel 1 volume: 0.75
2025-12-12 20:01:46,992 - DEBUG - Channel 1 volume: 0.70
2025-12-12 20:01:47,145 - DEBUG - Channel 1 volume: 0.65
2025-12-12 20:01:47,481 - DEBUG - Triggering Channel 2 in ONESHOT
2025-12-12 20:01:47,948 - DEBUG - Triggering Channel 1 in ONESHOT
2025-12-12 20:01:48,833 - DEBUG - Channel 1 volume: 0.60
2025-12-12 20:01:49,027 - DEBUG - Channel 1 volume: 0.55
2025-12-12 20:01:49,202 - DEBUG - Channel 1 volume: 0.50
2025-12-12 20:01:49,488 - DEBUG - Triggering Channel 1 in ONESHOT
2025-12-12 20:01:49,905 - DEBUG - Triggering Channel 1 in ONESHOT
2025-12-12 20:01:50,109 - DEBUG - Channel 1 volume: 0.45
2025-12-12 20:01:50,282 - DEBUG - Channel 1 volume: 0.40
2025-12-12 20:01:50,466 - DEBUG - Channel 1 volume: 0.35
2025-12-12 20:01:50,752 - DEBUG - Triggering Channel 1 in ONESHOT
2025-12-12 20:01:50,925 - DEBUG - Triggering Channel 1 in ONESHOT
2025-12-12 20:01:51,200 - DEBUG - Channel 1 volume: 0.30
2025-12-12 20:01:51,435 - DEBUG - Channel 1 volume: 0.25
2025-12-12 20:01:51,699 - DEBUG - Triggering Channel 1 in ONESHOT
2025-12-12 20:01:51,983 - DEBUG - Channel 1 volume: 0.30
2025-12-12 20:01:52,582 - DEBUG - Channel 1 volume: 0.35
2025-12-12 20:01:52,624 - DEBUG - Channel 1 volume: 0.40
2025-12-12 20:01:52,666 - DEBUG - Channel 1 volume: 0.45
2025-12-12 20:01:52,698 - DEBUG - Channel 1 volume: 0.50
2025-12-12 20:01:52,740 - DEBUG - Channel 1 volume: 0.55
2025-12-12 20:01:52,782 - DEBUG - Channel 1 volume: 0.60
2025-12-12 20:01:52,824 - DEBUG - Channel 1 volume: 0.65
2025-12-12 20:01:52,866 - DEBUG - Channel 1 volume: 0.70
2025-12-12 20:01:52,898 - DEBUG - Channel 1 volume: 0.75
2025-12-12 20:01:52,940 - DEBUG - Channel 1 volume: 0.80
2025-12-12 20:01:52,982 - DEBUG - Channel 1 volume: 0.85
2025-12-12 20:01:53,197 - DEBUG - Channel 1 volume: 0.80
2025-12-12 20:01:53,798 - DEBUG - Channel 1 volume: 0.75
2025-12-12 20:01:53,840 - DEBUG - Channel 1 volume: 0.70
2025-12-12 20:01:53,881 - DEBUG - Channel 1 volume: 0.65
2025-12-12 20:01:53,923 - DEBUG - Channel 1 volume: 0.60
2025-12-12 20:01:53,955 - DEBUG - Channel 1 volume: 0.55
2025-12-12 20:01:53,997 - DEBUG - Channel 1 volume: 0.50
2025-12-12 20:01:54,039 - DEBUG - Channel 1 volume: 0.45
2025-12-12 20:01:54,081 - DEBUG - Channel 1 volume: 0.40
2025-12-12 20:01:54,123 - DEBUG - Channel 1 volume: 0.35
2025-12-12 20:01:54,155 - DEBUG - Channel 1 volume: 0.30
2025-12-12 20:01:54,197 - DEBUG - Channel 1 volume: 0.25
2025-12-12 20:01:54,239 - DEBUG - Channel 1 volume: 0.20
2025-12-12 20:01:54,281 - DEBUG - Channel 1 volume: 0.15
2025-12-12 20:01:54,323 - DEBUG - Channel 1 volume: 0.10
2025-12-12 20:01:54,355 - DEBUG - Channel 1 volume: 0.05
2025-12-12 20:01:54,398 - DEBUG - Channel 1 volume: 0.00
2025-12-12 20:01:54,440 - DEBUG - Channel 1 volume: 0.00
2025-12-12 20:01:54,542 - DEBUG - Triggering Channel 1 in ONESHOT
2025-12-12 20:01:54,939 - DEBUG - Channel 1 volume: 0.05
2025-12-12 20:01:55,163 - DEBUG - Triggering Channel 1 in ONESHOT
2025-12-12 20:01:55,772 - DEBUG - Channel 1 volume: 0.10
2025-12-12 20:01:56,109 - DEBUG - Triggering Channel 1 in ONESHOT
2025-12-12 20:01:56,949 - DEBUG - Channel 1 volume: 0.15
2025-12-12 20:01:57,143 - DEBUG - Triggering Channel 1 in ONESHOT
2025-12-12 20:01:58,191 - DEBUG - Triggering Channel 2 in ONESHOT
2025-12-12 20:01:58,994 - DEBUG - Triggering Channel 1 in ONESHOT
2025-12-12 20:01:59,421 - DEBUG - Triggering Channel 1 in ONESHOT
2025-12-12 20:01:59,716 - DEBUG - Triggering Channel 1 in ONESHOT
2025-12-12 20:01:59,929 - DEBUG - Triggering Channel 1 in ONESHOT
2025-12-12 20:02:00,204 - DEBUG - Triggering Channel 1 in ONESHOT
2025-12-12 20:02:00,417 - DEBUG - Triggering Channel 1 in ONESHOT
2025-12-12 20:02:01,017 - DEBUG - Triggering Channel 1 in ONESHOT
2025-12-12 20:02:01,058 - DEBUG - Triggering Channel 1 in ONESHOT
2025-12-12 20:02:01,099 - DEBUG - Triggering Channel 1 in ONESHOT
2025-12-12 20:02:01,140 - DEBUG - Triggering Channel 1 in ONESHOT
2025-12-12 20:02:01,180 - DEBUG - Triggering Channel 1 in ONESHOT
2025-12-12 20:02:01,221 - DEBUG - Triggering Channel 1 in ONESHOT
2025-12-12 20:02:01,252 - DEBUG - Triggering Channel 1 in ONESHOT
2025-12-12 20:02:01,293 - DEBUG - Triggering Channel 1 in ONESHOT
2025-12-12 20:02:01,334 - DEBUG - Triggering Channel 1 in ONESHOT
2025-12-12 20:02:01,375 - DEBUG - Triggering Channel 1 in ONESHOT
2025-12-12 20:02:03,844 - DEBUG - Channel 1 volume: 0.20
2025-12-12 20:02:04,180 - DEBUG - Channel 1 volume: 0.25
2025-12-12 20:02:04,303 - DEBUG - Channel 1 volume: 0.30
2025-12-12 20:02:04,904 - DEBUG - Channel 1 volume: 0.35
2025-12-12 20:02:04,946 - DEBUG - Channel 1 volume: 0.40
2025-12-12 20:02:04,988 - DEBUG - Channel 1 volume: 0.45
2025-12-12 20:02:05,020 - DEBUG - Channel 1 volume: 0.50
2025-12-12 20:02:05,062 - DEBUG - Channel 1 volume: 0.55
2025-12-12 20:02:05,104 - DEBUG - Channel 1 volume: 0.60
2025-12-12 20:02:05,146 - DEBUG - Channel 1 volume: 0.65
2025-12-12 20:02:05,188 - DEBUG - Channel 1 volume: 0.70
2025-12-12 20:02:05,220 - DEBUG - Channel 1 volume: 0.75
2025-12-12 20:02:05,262 - DEBUG - Channel 1 volume: 0.80
2025-12-12 20:02:05,304 - DEBUG - Channel 1 volume: 0.85
2025-12-12 20:02:05,346 - DEBUG - Channel 1 volume: 0.90
2025-12-12 20:02:05,388 - DEBUG - Channel 1 volume: 0.95
2025-12-12 20:02:05,419 - DEBUG - Channel 1 volume: 1.00
2025-12-12 20:02:05,461 - DEBUG - Channel 1 volume: 1.00
2025-12-12 20:02:05,503 - DEBUG - Channel 1 volume: 1.00
2025-12-12 20:02:05,544 - DEBUG - Channel 1 volume: 1.00
2025-12-12 20:02:05,586 - DEBUG - Channel 1 volume: 1.00
2025-12-12 20:02:05,627 - DEBUG - Channel 1 volume: 1.00
2025-12-12 20:02:05,659 - DEBUG - Channel 1 volume: 1.00
2025-12-12 20:02:05,700 - DEBUG - Channel 1 volume: 1.00
2025-12-12 20:03:03,509 - WARNING - Pygame not found, audio disabled.
2025-12-12 20:03:03,514 - INFO - Starting tinydaw
2025-12-12 20:03:09,248 - DEBUG - Channel 0 volume: 0.95
2025-12-12 20:03:09,514 - DEBUG - Channel 0 volume: 0.90
2025-12-12 20:03:09,678 - DEBUG - Channel 0 volume: 0.85
2025-12-12 20:03:09,811 - DEBUG - Channel 0 volume: 0.80
2025-12-12 20:03:10,035 - DEBUG - Channel 0 volume: 0.85
2025-12-12 20:03:10,200 - DEBUG - Channel 0 volume: 0.90
2025-12-12 20:03:10,334 - DEBUG - Channel 0 volume: 0.95
2025-12-12 20:03:10,457 - DEBUG - Channel 0 volume: 1.00
2025-12-12 20:03:10,590 - DEBUG - Channel 0 volume: 1.00
2025-12-12 20:03:29,231 - INFO - Channel 0 assigned key 49 (1)
2025-12-12 20:07:41,143 - INFO - Starting tinydaw
2025-12-12 20:07:41,164 - INFO - Audio initialized
2025-12-12 20:07:42,202 - DEBUG - Channel 0 volume: 0.95
2025-12-12 20:07:42,468 - DEBUG - Channel 0 volume: 0.90
2025-12-12 20:07:43,037 - DEBUG - Channel 0 volume: 0.95
2025-12-12 20:07:43,200 - DEBUG - Channel 0 volume: 1.00
2025-12-12 20:07:43,354 - DEBUG - Channel 0 volume: 1.00
2025-12-12 20:07:43,569 - DEBUG - Channel 0 volume: 0.95
2025-12-12 20:07:43,753 - DEBUG - Channel 0 volume: 0.90
2025-12-12 20:07:44,354 - DEBUG - Channel 0 volume: 0.85
2025-12-12 20:07:44,396 - DEBUG - Channel 0 volume: 0.80
2025-12-12 20:07:44,438 - DEBUG - Channel 0 volume: 0.75
2025-12-12 20:07:44,480 - DEBUG - Channel 0 volume: 0.70
2025-12-12 20:07:44,511 - DEBUG - Channel 0 volume: 0.65
2025-12-12 20:07:44,553 - DEBUG - Channel 0 volume: 0.60
2025-12-12 20:07:44,595 - DEBUG - Channel 0 volume: 0.55
2025-12-12 20:07:44,637 - DEBUG - Channel 0 volume: 0.50
2025-12-12 20:07:44,679 - DEBUG - Channel 0 volume: 0.45
2025-12-12 20:07:44,711 - DEBUG - Channel 0 volume: 0.40
2025-12-12 20:07:44,753 - DEBUG - Channel 0 volume: 0.35
2025-12-12 20:07:44,795 - DEBUG - Channel 0 volume: 0.30
2025-12-12 20:07:44,837 - DEBUG - Channel 0 volume: 0.25
2025-12-12 20:07:44,879 - DEBUG - Channel 0 volume: 0.20
2025-12-12 20:07:46,711 - DEBUG - Channel 0 volume: 0.25
2025-12-12 20:07:46,895 - DEBUG - Channel 0 volume: 0.30
2025-12-12 20:07:47,068 - DEBUG - Channel 0 volume: 0.35
2025-12-12 20:07:47,669 - DEBUG - Channel 0 volume: 0.40
2025-12-12 20:07:47,711 - DEBUG - Channel 0 volume: 0.45
2025-12-12 20:07:47,753 - DEBUG - Channel 0 volume: 0.50
2025-12-12 20:07:47,785 - DEBUG - Channel 0 volume: 0.55
2025-12-12 20:07:47,826 - DEBUG - Channel 0 volume: 0.60
2025-12-12 20:07:47,869 - DEBUG - Channel 0 volume: 0.65
2025-12-12 20:07:47,911 - DEBUG - Channel 0 volume: 0.70
2025-12-12 20:07:47,953 - DEBUG - Channel 0 volume: 0.75
2025-12-12 20:07:47,985 - DEBUG - Channel 0 volume: 0.80
2025-12-12 20:07:48,026 - DEBUG - Channel 0 volume: 0.85
2025-12-12 20:07:48,068 - DEBUG - Channel 0 volume: 0.90
2025-12-12 20:07:48,110 - DEBUG - Channel 0 volume: 0.95
2025-12-12 20:07:48,152 - DEBUG - Channel 0 volume: 1.00
2025-12-12 20:07:48,183 - DEBUG - Channel 0 volume: 1.00
2025-12-12 20:07:48,225 - DEBUG - Channel 0 volume: 1.00
2025-12-12 20:07:48,266 - DEBUG - Channel 0 volume: 1.00
2025-12-12 20:07:48,308 - DEBUG - Channel 0 volume: 1.00
2025-12-12 20:07:48,349 - DEBUG - Channel 0 volume: 1.00
2025-12-12 20:07:48,391 - DEBUG - Channel 0 volume: 1.00
2025-12-12 20:07:48,432 - DEBUG - Channel 0 volume: 1.00
2025-12-12 20:07:48,463 - DEBUG - Channel 0 volume: 1.00
2025-12-12 20:07:48,505 - DEBUG - Channel 0 volume: 1.00
2025-12-12 20:07:48,546 - DEBUG - Channel 0 volume: 1.00
2025-12-12 20:07:48,588 - DEBUG - Channel 0 volume: 1.00
2025-12-12 20:07:48,629 - DEBUG - Channel 0 volume: 1.00
2025-12-12 20:07:48,670 - DEBUG - Channel 0 volume: 1.00
2025-12-12 20:08:37,926 - DEBUG - Channel 0 volume: 0.95
2025-12-12 20:08:38,385 - DEBUG - Channel 0 volume: 0.90
2025-12-12 20:08:38,569 - DEBUG - Channel 0 volume: 0.85
2025-12-12 20:08:38,723 - DEBUG - Channel 0 volume: 0.80
2025-12-12 20:08:38,877 - DEBUG - Channel 0 volume: 0.75
2025-12-12 20:08:39,041 - DEBUG - Channel 0 volume: 0.70
2025-12-12 20:08:39,184 - DEBUG - Channel 0 volume: 0.65
2025-12-12 20:08:39,337 - DEBUG - Channel 0 volume: 0.60
2025-12-12 20:08:39,938 - DEBUG - Channel 0 volume: 0.55
2025-12-12 20:08:39,979 - DEBUG - Channel 0 volume: 0.50
2025-12-12 20:08:40,021 - DEBUG - Channel 0 volume: 0.45
2025-12-12 20:08:40,063 - DEBUG - Channel 0 volume: 0.40
2025-12-12 20:08:40,227 - DEBUG - Channel 0 volume: 0.45
2025-12-12 20:08:40,827 - DEBUG - Channel 0 volume: 0.50
2025-12-12 20:08:40,869 - DEBUG - Channel 0 volume: 0.55
2025-12-12 20:08:40,911 - DEBUG - Channel 0 volume: 0.60
2025-12-12 20:08:40,952 - DEBUG - Channel 0 volume: 0.65
2025-12-12 20:08:40,984 - DEBUG - Channel 0 volume: 0.70
2025-12-12 20:08:41,026 - DEBUG - Channel 0 volume: 0.75
2025-12-12 20:08:41,068 - DEBUG - Channel 0 volume: 0.80
2025-12-12 20:08:41,110 - DEBUG - Channel 0 volume: 0.85
2025-12-12 20:08:41,152 - DEBUG - Channel 0 volume: 0.90
2025-12-12 20:08:41,183 - DEBUG - Channel 0 volume: 0.95
2025-12-12 20:08:41,225 - DEBUG - Channel 0 volume: 1.00
2025-12-12 20:08:41,267 - DEBUG - Channel 0 volume: 1.00
2025-12-12 20:08:41,308 - DEBUG - Channel 0 volume: 1.00
2025-12-12 20:08:41,350 - DEBUG - Channel 0 volume: 1.00
2025-12-12 20:08:41,391 - DEBUG - Channel 0 volume: 1.00
2025-12-12 20:08:41,423 - DEBUG - Channel 0 volume: 1.00
2025-12-12 20:08:41,464 - DEBUG - Channel 0 volume: 1.00
2025-12-12 20:08:41,505 - DEBUG - Channel 0 volume: 1.00
2025-12-12 20:08:41,546 - DEBUG - Channel 0 volume: 1.00
2025-12-12 20:08:41,588 - DEBUG - Channel 0 volume: 1.00
2025-12-12 20:11:44,599 - INFO - Starting tinydaw
2025-12-12 20:11:44,616 - INFO - Audio initialized
2025-12-12 20:11:46,690 - DEBUG - Channel 0 volume: 0.95
2025-12-12 20:11:47,046 - DEBUG - Channel 0 volume: 0.90
2025-12-12 20:11:47,332 - DEBUG - Channel 0 volume: 0.85
2025-12-12 20:11:47,618 - DEBUG - Channel 0 volume: 0.80
2025-12-12 20:11:47,629 - DEBUG - Channel 0 volume: 0.85
2025-12-12 20:11:48,026 - DEBUG - Channel 0 volume: 0.90
2025-12-12 20:11:48,911 - DEBUG - Channel 0 volume: 0.95
2025-12-12 20:11:49,115 - DEBUG - Channel 0 volume: 1.00
2025-12-12 20:11:55,814 - DEBUG - Channel 7 volume: 0.95
2025-12-12 20:11:56,496 - DEBUG - Channel 7 volume: 1.00
2025-12-12 20:12:04,529 - DEBUG - Channel 0 volume: 0.95
2025-12-12 20:12:04,713 - DEBUG - Channel 0 volume: 0.90
2025-12-12 20:12:05,121 - DEBUG - Channel 0 volume: 0.85
2025-12-12 20:12:05,509 - DEBUG - Channel 0 volume: 0.90
2025-12-12 20:12:07,105 - DEBUG - Channel 0 volume: 0.85
2025-12-12 20:12:08,395 - DEBUG - Channel 1 volume: 0.95
2025-12-12 20:12:09,331 - DEBUG - Channel 1 volume: 0.90
2025-12-12 20:12:10,155 - DEBUG - Channel 1 volume: 0.95
2025-12-12 20:12:12,346 - DEBUG - Channel 2 volume: 0.95
2025-12-12 20:12:12,540 - DEBUG - Channel 2 volume: 0.90
2025-12-12 20:12:12,693 - DEBUG - Channel 2 volume: 0.85
2025-12-12 20:12:12,957 - DEBUG - Channel 2 volume: 0.80
2025-12-12 20:12:13,385 - DEBUG - Channel 2 volume: 0.75
2025-12-12 20:12:13,651 - DEBUG - Channel 2 volume: 0.70
2025-12-12 20:12:13,917 - DEBUG - Channel 2 volume: 0.65
2025-12-12 20:12:15,026 - DEBUG - Channel 2 volume: 0.60
2025-12-12 20:12:15,251 - DEBUG - Channel 2 volume: 0.55
2025-12-12 20:12:17,092 - DEBUG - Channel 3 volume: 0.95
2025-12-12 20:12:17,286 - DEBUG - Channel 3 volume: 0.90
2025-12-12 20:12:17,429 - DEBUG - Channel 3 volume: 0.85
2025-12-12 20:12:17,715 - DEBUG - Channel 3 volume: 0.80
2025-12-12 20:12:18,466 - DEBUG - Channel 3 volume: 0.75
2025-12-12 20:12:19,663 - DEBUG - Channel 4 volume: 0.95
2025-12-12 20:12:20,262 - DEBUG - Channel 4 volume: 0.90
2025-12-12 20:12:20,303 - DEBUG - Channel 4 volume: 0.85
2025-12-12 20:12:20,345 - DEBUG - Channel 4 volume: 0.80
2025-12-12 20:12:20,589 - DEBUG - Channel 4 volume: 0.85
2025-12-12 20:12:20,793 - DEBUG - Channel 4 volume: 0.90
2025-12-12 20:12:21,018 - DEBUG - Channel 4 volume: 0.95
2025-12-12 20:12:23,100 - DEBUG - Channel 5 volume: 0.95
2025-12-12 20:12:23,537 - DEBUG - Channel 5 volume: 0.90
2025-12-12 20:12:23,731 - DEBUG - Channel 5 volume: 0.85
2025-12-12 20:12:24,695 - DEBUG - Channel 6 volume: 0.95
2025-12-12 20:12:25,296 - DEBUG - Channel 6 volume: 0.90
2025-12-12 20:12:25,337 - DEBUG - Channel 6 volume: 0.85
2025-12-12 20:12:25,369 - DEBUG - Channel 6 volume: 0.80
2025-12-12 20:12:25,411 - DEBUG - Channel 6 volume: 0.75
2025-12-12 20:12:25,757 - DEBUG - Channel 6 volume: 0.70
2025-12-12 20:12:26,611 - DEBUG - Channel 7 volume: 0.95
2025-12-12 20:12:27,382 - DEBUG - Channel 7 volume: 0.90
2025-12-12 20:16:06,183 - DEBUG - Channel 0 volume: 0.80
2025-12-12 20:16:07,549 - DEBUG - Channel 0 volume: 0.75
2025-12-12 20:16:07,754 - DEBUG - Channel 0 volume: 0.70
2025-12-12 20:16:07,877 - DEBUG - Channel 0 volume: 0.65
2025-12-12 20:16:15,052 - DEBUG - Channel 0 volume: 0.70
2025-12-12 20:16:15,338 - DEBUG - Channel 0 volume: 0.75
2025-12-12 20:16:15,552 - DEBUG - Channel 0 volume: 0.80
2025-12-12 20:16:15,716 - DEBUG - Channel 0 volume: 0.85
2025-12-12 20:16:15,910 - DEBUG - Channel 0 volume: 0.90
2025-12-12 20:16:16,105 - DEBUG - Channel 0 volume: 0.95
2025-12-12 20:16:16,268 - DEBUG - Channel 0 volume: 1.00
2025-12-12 20:16:16,483 - DEBUG - Channel 0 volume: 1.00
2025-12-12 20:16:16,646 - DEBUG - Channel 0 volume: 1.00
2025-12-12 20:18:11,627 - DEBUG - Channel 0 volume: 0.95
2025-12-12 20:18:11,811 - DEBUG - Channel 0 volume: 0.90
2025-12-12 20:18:11,974 - DEBUG - Channel 0 volume: 0.85
2025-12-12 20:18:12,290 - DEBUG - Channel 0 volume: 0.80
2025-12-12 20:18:12,494 - DEBUG - Channel 0 volume: 0.75
2025-12-12 20:18:12,677 - DEBUG - Channel 0 volume: 0.70
2025-12-12 20:18:12,830 - DEBUG - Channel 0 volume: 0.65
2025-12-12 20:18:13,157 - DEBUG - Channel 0 volume: 0.60
2025-12-12 20:18:13,341 - DEBUG - Channel 0 volume: 0.55
2025-12-12 20:18:13,504 - DEBUG - Channel 0 volume: 0.50
2025-12-12 20:18:13,678 - DEBUG - Channel 0 volume: 0.45
2025-12-12 20:18:13,873 - DEBUG - Channel 0 volume: 0.40
2025-12-12 20:18:14,046 - DEBUG - Channel 0 volume: 0.35
2025-12-12 20:18:14,231 - DEBUG - Channel 0 volume: 0.30
2025-12-12 20:18:14,415 - DEBUG - Channel 0 volume: 0.25
2025-12-12 20:18:15,270 - DEBUG - Channel 1 volume: 0.90
2025-12-12 20:18:15,870 - DEBUG - Channel 1 volume: 0.85
2025-12-12 20:18:15,912 - DEBUG - Channel 1 volume: 0.80
2025-12-12 20:18:15,953 - DEBUG - Channel 1 volume: 0.75
2025-12-12 20:18:15,995 - DEBUG - Channel 1 volume: 0.70
2025-12-12 20:18:16,037 - DEBUG - Channel 1 volume: 0.65
2025-12-12 20:18:16,069 - DEBUG - Channel 1 volume: 0.60
2025-12-12 20:18:16,110 - DEBUG - Channel 1 volume: 0.55
2025-12-12 20:18:16,152 - DEBUG - Channel 1 volume: 0.50
2025-12-12 20:18:16,296 - DEBUG - Channel 1 volume: 0.45
2025-12-12 20:18:16,490 - DEBUG - Channel 1 volume: 0.40
2025-12-12 20:18:16,664 - DEBUG - Channel 1 volume: 0.35
2025-12-12 20:18:16,879 - DEBUG - Channel 1 volume: 0.30
2025-12-12 20:18:17,196 - DEBUG - Channel 1 volume: 0.25
2025-12-12 20:18:17,916 - DEBUG - Channel 2 volume: 0.50
2025-12-12 20:18:18,211 - DEBUG - Channel 2 volume: 0.45
2025-12-12 20:18:18,375 - DEBUG - Channel 2 volume: 0.40
2025-12-12 20:18:18,559 - DEBUG - Channel 2 volume: 0.35
2025-12-12 20:18:18,773 - DEBUG - Channel 2 volume: 0.30
2025-12-12 20:18:19,069 - DEBUG - Channel 2 volume: 0.25
2025-12-12 20:18:19,630 - DEBUG - Channel 3 volume: 0.70
2025-12-12 20:18:20,232 - DEBUG - Channel 3 volume: 0.65
2025-12-12 20:18:20,263 - DEBUG - Channel 3 volume: 0.60
2025-12-12 20:18:20,305 - DEBUG - Channel 3 volume: 0.55
2025-12-12 20:18:20,347 - DEBUG - Channel 3 volume: 0.50
2025-12-12 20:18:20,389 - DEBUG - Channel 3 volume: 0.45
2025-12-12 20:18:20,431 - DEBUG - Channel 3 volume: 0.40
2025-12-12 20:18:20,462 - DEBUG - Channel 3 volume: 0.35
2025-12-12 20:18:20,504 - DEBUG - Channel 3 volume: 0.30
2025-12-12 20:18:20,546 - DEBUG - Channel 3 volume: 0.25
2025-12-12 20:18:21,901 - DEBUG - Channel 4 volume: 0.90
2025-12-12 20:18:22,501 - DEBUG - Channel 4 volume: 0.85
2025-12-12 20:18:22,532 - DEBUG - Channel 4 volume: 0.80
2025-12-12 20:18:22,574 - DEBUG - Channel 4 volume: 0.75
2025-12-12 20:18:22,616 - DEBUG - Channel 4 volume: 0.70
2025-12-12 20:18:22,657 - DEBUG - Channel 4 volume: 0.65
2025-12-12 20:18:22,699 - DEBUG - Channel 4 volume: 0.60
2025-12-12 20:18:22,741 - DEBUG - Channel 4 volume: 0.55
2025-12-12 20:18:22,773 - DEBUG - Channel 4 volume: 0.50
2025-12-12 20:18:22,815 - DEBUG - Channel 4 volume: 0.45
2025-12-12 20:18:22,857 - DEBUG - Channel 4 volume: 0.40
2025-12-12 20:18:22,899 - DEBUG - Channel 4 volume: 0.35
2025-12-12 20:18:22,941 - DEBUG - Channel 4 volume: 0.30
2025-12-12 20:18:22,973 - DEBUG - Channel 4 volume: 0.25
2025-12-12 20:18:23,014 - DEBUG - Channel 4 volume: 0.20
2025-12-12 20:18:23,463 - DEBUG - Channel 4 volume: 0.25
2025-12-12 20:18:24,295 - DEBUG - Channel 5 volume: 0.80
2025-12-12 20:18:24,904 - DEBUG - Channel 5 volume: 0.75
2025-12-12 20:18:24,936 - DEBUG - Channel 5 volume: 0.70
2025-12-12 20:18:24,977 - DEBUG - Channel 5 volume: 0.65
2025-12-12 20:18:25,019 - DEBUG - Channel 5 volume: 0.60
2025-12-12 20:18:25,061 - DEBUG - Channel 5 volume: 0.55
2025-12-12 20:18:25,103 - DEBUG - Channel 5 volume: 0.50
2025-12-12 20:18:25,144 - DEBUG - Channel 5 volume: 0.45
2025-12-12 20:18:25,176 - DEBUG - Channel 5 volume: 0.40
2025-12-12 20:18:25,218 - DEBUG - Channel 5 volume: 0.35
2025-12-12 20:18:25,260 - DEBUG - Channel 5 volume: 0.30
2025-12-12 20:18:25,302 - DEBUG - Channel 5 volume: 0.25
2025-12-12 20:18:25,344 - DEBUG - Channel 5 volume: 0.20
2025-12-12 20:18:25,690 - DEBUG - Channel 5 volume: 0.25
2025-12-12 20:18:27,888 - DEBUG - Channel 6 volume: 0.65
2025-12-12 20:18:28,489 - DEBUG - Channel 6 volume: 0.60
2025-12-12 20:18:28,531 - DEBUG - Channel 6 volume: 0.55
2025-12-12 20:18:28,573 - DEBUG - Channel 6 volume: 0.50
2025-12-12 20:18:28,604 - DEBUG - Channel 6 volume: 0.45
2025-12-12 20:18:28,646 - DEBUG - Channel 6 volume: 0.40
2025-12-12 20:18:28,688 - DEBUG - Channel 6 volume: 0.35
2025-12-12 20:18:28,943 - DEBUG - Channel 6 volume: 0.30
2025-12-12 20:18:29,138 - DEBUG - Channel 6 volume: 0.25
2025-12-12 20:18:29,709 - DEBUG - Channel 7 volume: 0.85
2025-12-12 20:18:30,310 - DEBUG - Channel 7 volume: 0.80
2025-12-12 20:18:30,352 - DEBUG - Channel 7 volume: 0.75
2025-12-12 20:18:30,384 - DEBUG - Channel 7 volume: 0.70
2025-12-12 20:18:30,426 - DEBUG - Channel 7 volume: 0.65
2025-12-12 20:18:30,468 - DEBUG - Channel 7 volume: 0.60
2025-12-12 20:18:30,510 - DEBUG - Channel 7 volume: 0.55
2025-12-12 20:18:30,552 - DEBUG - Channel 7 volume: 0.50
2025-12-12 20:18:30,583 - DEBUG - Channel 7 volume: 0.45
2025-12-12 20:18:30,625 - DEBUG - Channel 7 volume: 0.40
2025-12-12 20:18:30,667 - DEBUG - Channel 7 volume: 0.35
2025-12-12 20:18:30,841 - DEBUG - Channel 7 volume: 0.30
2025-12-12 20:18:31,148 - DEBUG - Channel 7 volume: 0.25
2025-12-12 20:18:33,840 - DEBUG - Channel 0 volume: 0.30
2025-12-12 20:18:34,440 - DEBUG - Channel 0 volume: 0.35
2025-12-12 20:18:34,482 - DEBUG - Channel 0 volume: 0.40
2025-12-12 20:18:34,513 - DEBUG - Channel 0 volume: 0.45
2025-12-12 20:18:34,556 - DEBUG - Channel 0 volume: 0.50
2025-12-12 20:18:34,597 - DEBUG - Channel 0 volume: 0.55
2025-12-12 20:18:34,639 - DEBUG - Channel 0 volume: 0.60
2025-12-12 20:18:34,681 - DEBUG - Channel 0 volume: 0.65
2025-12-12 20:18:34,713 - DEBUG - Channel 0 volume: 0.70
2025-12-12 20:18:34,755 - DEBUG - Channel 0 volume: 0.75
2025-12-12 20:18:34,796 - DEBUG - Channel 0 volume: 0.80
2025-12-12 20:18:34,838 - DEBUG - Channel 0 volume: 0.85
2025-12-12 20:18:34,880 - DEBUG - Channel 0 volume: 0.90
2025-12-12 20:18:34,922 - DEBUG - Channel 0 volume: 0.95
2025-12-12 20:18:34,954 - DEBUG - Channel 0 volume: 1.00
2025-12-12 20:18:34,995 - DEBUG - Channel 0 volume: 1.00
2025-12-12 20:18:35,037 - DEBUG - Channel 0 volume: 1.00
2025-12-12 20:18:35,079 - DEBUG - Channel 0 volume: 1.00
2025-12-12 20:18:35,120 - DEBUG - Channel 0 volume: 1.00
2025-12-12 20:18:35,162 - DEBUG - Channel 0 volume: 1.00
2025-12-12 20:18:35,193 - DEBUG - Channel 0 volume: 1.00
2025-12-12 20:18:35,235 - DEBUG - Channel 0 volume: 1.00
2025-12-12 20:18:35,510 - DEBUG - Channel 1 volume: 0.30
2025-12-12 20:18:36,109 - DEBUG - Channel 1 volume: 0.35
2025-12-12 20:18:36,151 - DEBUG - Channel 1 volume: 0.40
2025-12-12 20:18:36,193 - DEBUG - Channel 1 volume: 0.45
2025-12-12 20:18:36,235 - DEBUG - Channel 1 volume: 0.50
2025-12-12 20:18:36,277 - DEBUG - Channel 1 volume: 0.55
2025-12-12 20:18:36,308 - DEBUG - Channel 1 volume: 0.60
2025-12-12 20:18:36,350 - DEBUG - Channel 1 volume: 0.65
2025-12-12 20:18:36,392 - DEBUG - Channel 1 volume: 0.70
2025-12-12 20:18:36,434 - DEBUG - Channel 1 volume: 0.75
2025-12-12 20:18:36,476 - DEBUG - Channel 1 volume: 0.80
2025-12-12 20:18:36,507 - DEBUG - Channel 1 volume: 0.85
2025-12-12 20:18:36,549 - DEBUG - Channel 1 volume: 0.90
2025-12-12 20:18:36,591 - DEBUG - Channel 1 volume: 0.95
2025-12-12 20:18:36,633 - DEBUG - Channel 1 volume: 1.00
2025-12-12 20:18:36,675 - DEBUG - Channel 1 volume: 1.00
2025-12-12 20:18:36,716 - DEBUG - Channel 1 volume: 1.00
2025-12-12 20:18:36,747 - DEBUG - Channel 1 volume: 1.00
2025-12-12 20:18:37,135 - DEBUG - Channel 2 volume: 0.30
2025-12-12 20:18:37,735 - DEBUG - Channel 2 volume: 0.35
2025-12-12 20:18:37,777 - DEBUG - Channel 2 volume: 0.40
2025-12-12 20:18:37,819 - DEBUG - Channel 2 volume: 0.45
2025-12-12 20:18:37,860 - DEBUG - Channel 2 volume: 0.50
2025-12-12 20:18:37,902 - DEBUG - Channel 2 volume: 0.55
2025-12-12 20:18:37,945 - DEBUG - Channel 2 volume: 0.60
2025-12-12 20:18:37,976 - DEBUG - Channel 2 volume: 0.65
2025-12-12 20:18:38,018 - DEBUG - Channel 2 volume: 0.70
2025-12-12 20:18:38,060 - DEBUG - Channel 2 volume: 0.75
2025-12-12 20:18:38,102 - DEBUG - Channel 2 volume: 0.80
2025-12-12 20:18:38,144 - DEBUG - Channel 2 volume: 0.85
2025-12-12 20:18:38,175 - DEBUG - Channel 2 volume: 0.90
2025-12-12 20:18:38,217 - DEBUG - Channel 2 volume: 0.95
2025-12-12 20:18:38,259 - DEBUG - Channel 2 volume: 1.00
2025-12-12 20:18:38,301 - DEBUG - Channel 2 volume: 1.00
2025-12-12 20:18:38,342 - DEBUG - Channel 2 volume: 1.00
2025-12-12 20:18:38,384 - DEBUG - Channel 2 volume: 1.00
2025-12-12 20:18:38,415 - DEBUG - Channel 2 volume: 1.00
2025-12-12 20:18:38,456 - DEBUG - Channel 2 volume: 1.00
2025-12-12 20:18:38,498 - DEBUG - Channel 2 volume: 1.00
2025-12-12 20:18:38,865 - DEBUG - Channel 3 volume: 0.30
2025-12-12 20:18:39,465 - DEBUG - Channel 3 volume: 0.35
2025-12-12 20:18:39,507 - DEBUG - Channel 3 volume: 0.40
2025-12-12 20:18:39,549 - DEBUG - Channel 3 volume: 0.45
2025-12-12 20:18:39,581 - DEBUG - Channel 3 volume: 0.50
2025-12-12 20:18:39,622 - DEBUG - Channel 3 volume: 0.55
2025-12-12 20:18:39,665 - DEBUG - Channel 3 volume: 0.60
2025-12-12 20:18:39,706 - DEBUG - Channel 3 volume: 0.65
2025-12-12 20:18:39,748 - DEBUG - Channel 3 volume: 0.70
2025-12-12 20:18:39,780 - DEBUG - Channel 3 volume: 0.75
2025-12-12 20:18:39,822 - DEBUG - Channel 3 volume: 0.80
2025-12-12 20:18:39,864 - DEBUG - Channel 3 volume: 0.85
2025-12-12 20:18:39,906 - DEBUG - Channel 3 volume: 0.90
2025-12-12 20:18:39,948 - DEBUG - Channel 3 volume: 0.95
2025-12-12 20:18:39,990 - DEBUG - Channel 3 volume: 1.00
2025-12-12 20:18:40,021 - DEBUG - Channel 3 volume: 1.00
2025-12-12 20:18:40,063 - DEBUG - Channel 3 volume: 1.00
2025-12-12 20:18:40,104 - DEBUG - Channel 3 volume: 1.00
2025-12-12 20:18:40,146 - DEBUG - Channel 3 volume: 1.00
2025-12-12 20:18:40,187 - DEBUG - Channel 3 volume: 1.00
2025-12-12 20:18:40,229 - DEBUG - Channel 3 volume: 1.00
2025-12-12 20:18:40,260 - DEBUG - Channel 3 volume: 1.00
2025-12-12 20:18:40,607 - DEBUG - Channel 4 volume: 0.30
2025-12-12 20:18:41,209 - DEBUG - Channel 4 volume: 0.35
2025-12-12 20:18:41,240 - DEBUG - Channel 4 volume: 0.40
2025-12-12 20:18:41,282 - DEBUG - Channel 4 volume: 0.45
2025-12-12 20:18:41,324 - DEBUG - Channel 4 volume: 0.50
2025-12-12 20:18:41,366 - DEBUG - Channel 4 volume: 0.55
2025-12-12 20:18:41,408 - DEBUG - Channel 4 volume: 0.60
2025-12-12 20:18:41,439 - DEBUG - Channel 4 volume: 0.65
2025-12-12 20:18:41,481 - DEBUG - Channel 4 volume: 0.70
2025-12-12 20:18:41,523 - DEBUG - Channel 4 volume: 0.75
2025-12-12 20:18:41,565 - DEBUG - Channel 4 volume: 0.80
2025-12-12 20:18:41,607 - DEBUG - Channel 4 volume: 0.85
2025-12-12 20:18:41,639 - DEBUG - Channel 4 volume: 0.90
2025-12-12 20:18:41,681 - DEBUG - Channel 4 volume: 0.95
2025-12-12 20:18:41,723 - DEBUG - Channel 4 volume: 1.00
2025-12-12 20:18:41,765 - DEBUG - Channel 4 volume: 1.00
2025-12-12 20:18:41,806 - DEBUG - Channel 4 volume: 1.00
2025-12-12 20:18:41,848 - DEBUG - Channel 4 volume: 1.00
2025-12-12 20:18:41,879 - DEBUG - Channel 4 volume: 1.00
2025-12-12 20:18:41,920 - DEBUG - Channel 4 volume: 1.00
2025-12-12 20:18:41,962 - DEBUG - Channel 4 volume: 1.00
2025-12-12 20:18:42,003 - DEBUG - Channel 4 volume: 1.00
2025-12-12 20:18:42,045 - DEBUG - Channel 4 volume: 1.00
2025-12-12 20:18:42,087 - DEBUG - Channel 4 volume: 1.00
2025-12-12 20:18:42,128 - DEBUG - Channel 4 volume: 1.00
2025-12-12 20:18:42,159 - DEBUG - Channel 4 volume: 1.00
2025-12-12 20:18:42,201 - DEBUG - Channel 4 volume: 1.00
2025-12-12 20:23:12,429 - INFO - Starting tinydaw
2025-12-12 20:23:12,448 - INFO - Audio initialized
2025-12-12 20:23:28,803 - INFO - Loaded sound for Channel 0: drums.wav
2025-12-12 20:23:31,111 - INFO - Channel 0 assigned key 100 (D)
2025-12-12 20:23:34,142 - DEBUG - Triggering Channel 0 in ONESHOT
2025-12-12 20:23:37,443 - DEBUG - Triggering Channel 0 in ONESHOT
2025-12-12 20:23:38,166 - DEBUG - Triggering Channel 0 in ONESHOT
2025-12-12 20:23:38,671 - DEBUG - Triggering Channel 0 in ONESHOT
2025-12-12 20:23:38,843 - DEBUG - Triggering Channel 0 in ONESHOT
2025-12-12 20:23:39,017 - DEBUG - Triggering Channel 0 in ONESHOT
2025-12-12 20:23:39,179 - DEBUG - Triggering Channel 0 in ONESHOT
2025-12-12 20:23:39,339 - DEBUG - Triggering Channel 0 in ONESHOT
2025-12-12 20:23:39,490 - DEBUG - Triggering Channel 0 in ONESHOT
2025-12-12 20:23:39,641 - DEBUG - Triggering Channel 0 in ONESHOT
2025-12-12 20:23:39,781 - DEBUG - Triggering Channel 0 in ONESHOT
2025-12-12 20:23:43,899 - DEBUG - Triggering Channel 0 in ONESHOT
2025-12-12 20:23:51,867 - DEBUG - Triggering Channel 0 in ONESHOT
2025-12-12 20:23:54,433 - DEBUG - Channel 0 volume: 0.95
2025-12-12 20:23:54,617 - DEBUG - Channel 0 volume: 0.90
2025-12-12 20:23:54,771 - DEBUG - Channel 0 volume: 0.85
2025-12-12 20:23:54,925 - DEBUG - Channel 0 volume: 0.80
2025-12-12 20:23:55,058 - DEBUG - Channel 0 volume: 0.75
2025-12-12 20:23:55,242 - DEBUG - Channel 0 volume: 0.70
2025-12-12 20:23:56,264 - DEBUG - Triggering Channel 0 in ONESHOT
2025-12-12 20:23:58,732 - DEBUG - Channel 0 volume: 0.65
2025-12-12 20:23:58,958 - DEBUG - Channel 0 volume: 0.60
2025-12-12 20:24:00,028 - DEBUG - Triggering Channel 0 in ONESHOT
2025-12-12 20:24:02,844 - DEBUG - Triggering Channel 0 in ONESHOT
2025-12-12 20:24:03,542 - DEBUG - Triggering Channel 0 in ONESHOT
2025-12-12 20:24:04,952 - DEBUG - Triggering Channel 0 in ONESHOT
2025-12-12 20:24:05,618 - DEBUG - Triggering Channel 0 in ONESHOT
2025-12-12 20:24:06,228 - DEBUG - Triggering Channel 0 in ONESHOT
2025-12-12 20:24:06,260 - DEBUG - Triggering Channel 0 in ONESHOT
2025-12-12 20:24:06,303 - DEBUG - Triggering Channel 0 in ONESHOT
2025-12-12 20:24:06,346 - DEBUG - Triggering Channel 0 in ONESHOT
2025-12-12 20:24:06,379 - DEBUG - Triggering Channel 0 in ONESHOT
2025-12-12 20:24:06,422 - DEBUG - Triggering Channel 0 in ONESHOT
2025-12-12 20:24:06,466 - DEBUG - Triggering Channel 0 in ONESHOT
2025-12-12 20:24:06,498 - DEBUG - Triggering Channel 0 in ONESHOT
2025-12-12 20:24:06,542 - DEBUG - Triggering Channel 0 in ONESHOT
2025-12-12 20:24:06,585 - DEBUG - Triggering Channel 0 in ONESHOT
2025-12-12 20:24:06,628 - DEBUG - Triggering Channel 0 in ONESHOT
2025-12-12 20:24:06,660 - DEBUG - Triggering Channel 0 in ONESHOT
2025-12-12 20:24:06,704 - DEBUG - Triggering Channel 0 in ONESHOT
2025-12-12 20:24:06,747 - DEBUG - Triggering Channel 0 in ONESHOT
2025-12-12 20:24:06,780 - DEBUG - Triggering Channel 0 in ONESHOT
2025-12-12 20:24:06,823 - DEBUG - Triggering Channel 0 in ONESHOT
2025-12-12 20:24:06,866 - DEBUG - Triggering Channel 0 in ONESHOT
2025-12-12 20:24:06,898 - DEBUG - Triggering Channel 0 in ONESHOT
2025-12-12 20:24:06,941 - DEBUG - Triggering Channel 0 in ONESHOT
2025-12-12 20:24:06,984 - DEBUG - Triggering Channel 0 in ONESHOT
2025-12-12 20:24:07,027 - DEBUG - Triggering Channel 0 in ONESHOT
2025-12-12 20:24:07,059 - DEBUG - Triggering Channel 0 in ONESHOT
2025-12-12 20:24:07,102 - DEBUG - Triggering Channel 0 in ONESHOT
2025-12-12 20:24:07,146 - DEBUG - Triggering Channel 0 in ONESHOT
2025-12-12 20:24:07,178 - DEBUG - Triggering Channel 0 in ONESHOT
2025-12-12 20:24:07,221 - DEBUG - Triggering Channel 0 in ONESHOT
2025-12-12 20:41:03,920 - INFO - Starting tinydaw
2025-12-12 20:41:03,938 - INFO - Audio initialized
2025-12-12 20:41:18,716 - INFO - Loaded sound for Channel 0: yedrums.wav
2025-12-12 20:41:26,223 - INFO - Loaded sound for Channel 1: yefx.wav
2025-12-12 20:41:41,651 - INFO - Loaded sound for Channel 2: yemoog.wav
2025-12-12 20:41:46,633 - INFO - Loaded sound for Channel 3: yeperc.wav
2025-12-12 20:41:52,839 - INFO - Loaded sound for Channel 4: yesynths.wav
2025-12-12 20:41:58,208 - INFO - Loaded sound for Channel 5: yetags.wav
2025-12-12 20:42:03,287 - INFO - Loaded sound for Channel 6: yevocal.wav
2025-12-12 20:42:08,910 - INFO - Channel 0 assigned key 49 (1)
2025-12-12 20:42:10,129 - INFO - Channel 1 assigned key 50 (2)
2025-12-12 20:42:11,993 - INFO - Channel 2 assigned key 51 (3)
2025-12-12 20:42:13,313 - INFO - Channel 3 assigned key 52 (4)
2025-12-12 20:42:14,601 - INFO - Channel 4 assigned key 53 (5)
2025-12-12 20:42:15,987 - INFO - Channel 5 assigned key 54 (6)
2025-12-12 20:42:17,104 - INFO - Channel 6 assigned key 55 (7)
2025-12-12 20:42:26,142 - DEBUG - Triggering Channel 0 in ONESHOT
2025-12-12 20:42:26,153 - DEBUG - Triggering Channel 3 in ONESHOT
2025-12-12 20:42:26,164 - DEBUG - Triggering Channel 1 in ONESHOT
2025-12-12 20:43:12,965 - DEBUG - Triggering Channel 2 in ONESHOT
2025-12-12 20:43:18,132 - INFO - Starting tinydaw
2025-12-12 20:43:18,149 - INFO - Audio initialized
2025-12-12 20:43:44,284 - INFO - Loaded sound for Channel 0: yedrums.wav
2025-12-12 20:43:49,845 - INFO - Loaded sound for Channel 1: yefx.wav
2025-12-12 20:43:54,521 - INFO - Loaded sound for Channel 2: yemoog.wav
2025-12-12 20:44:06,633 - INFO - Loaded sound for Channel 3: yeperc.wav
2025-12-12 20:44:11,910 - INFO - Loaded sound for Channel 4: yesynths.wav
2025-12-12 20:44:18,445 - INFO - Loaded sound for Channel 5: yetags.wav
2025-12-12 20:44:25,807 - INFO - Loaded sound for Channel 6: yevocal.wav
2025-12-12 20:44:40,151 - INFO - Channel 0 assigned key 49 (1)
2025-12-12 20:44:41,870 - INFO - Channel 1 assigned key 49 (1)
2025-12-12 20:44:43,126 - INFO - Channel 2 assigned key 49 (1)
2025-12-12 20:44:44,110 - INFO - Channel 3 assigned key 49 (1)
2025-12-12 20:44:45,108 - INFO - Channel 4 assigned key 49 (1)
2025-12-12 20:44:46,093 - INFO - Channel 5 assigned key 49 (1)
2025-12-12 20:44:47,044 - INFO - Channel 6 assigned key 49 (1)
2025-12-12 20:44:50,901 - DEBUG - Triggering Channel 0 in ONESHOT
2025-12-12 20:44:50,902 - DEBUG - Triggering Channel 1 in ONESHOT
2025-12-12 20:44:50,902 - DEBUG - Triggering Channel 2 in ONESHOT
2025-12-12 20:44:50,902 - DEBUG - Triggering Channel 3 in ONESHOT
2025-12-12 20:44:50,902 - DEBUG - Triggering Channel 4 in ONESHOT
2025-12-12 20:44:50,902 - DEBUG - Triggering Channel 5 in ONESHOT
2025-12-12 20:44:50,902 - DEBUG - Triggering Channel 6 in ONESHOT
2025-12-12 20:45:06,891 - DEBUG - Channel 0 volume: 0.95
2025-12-12 20:45:07,488 - DEBUG - Channel 0 volume: 0.90
2025-12-12 20:45:07,530 - DEBUG - Channel 0 volume: 0.85
2025-12-12 20:45:07,572 - DEBUG - Channel 0 volume: 0.80
2025-12-12 20:45:07,614 - DEBUG - Channel 0 volume: 0.75
2025-12-12 20:45:07,646 - DEBUG - Channel 0 volume: 0.70
2025-12-12 20:45:07,688 - DEBUG - Channel 0 volume: 0.65
2025-12-12 20:45:07,730 - DEBUG - Channel 0 volume: 0.60
2025-12-12 20:45:07,772 - DEBUG - Channel 0 volume: 0.55
2025-12-12 20:45:07,814 - DEBUG - Channel 0 volume: 0.50
2025-12-12 20:45:07,846 - DEBUG - Channel 0 volume: 0.45
2025-12-12 20:45:07,888 - DEBUG - Channel 0 volume: 0.40
2025-12-12 20:45:07,930 - DEBUG - Channel 0 volume: 0.35
2025-12-12 20:45:07,972 - DEBUG - Channel 0 volume: 0.30
2025-12-12 20:45:08,014 - DEBUG - Channel 0 volume: 0.25
2025-12-12 20:45:08,046 - DEBUG - Channel 0 volume: 0.20
2025-12-12 20:45:08,088 - DEBUG - Channel 0 volume: 0.15
2025-12-12 20:45:08,130 - DEBUG - Channel 0 volume: 0.10
2025-12-12 20:45:08,171 - DEBUG - Channel 0 volume: 0.05
2025-12-12 20:45:08,213 - DEBUG - Channel 0 volume: 0.00
2025-12-12 20:45:08,255 - DEBUG - Channel 0 volume: 0.00
2025-12-12 20:45:08,287 - DEBUG - Channel 0 volume: 0.00
2025-12-12 20:45:08,329 - DEBUG - Channel 0 volume: 0.00
2025-12-12 20:45:08,370 - DEBUG - Channel 0 volume: 0.00
2025-12-12 20:45:08,412 - DEBUG - Channel 0 volume: 0.00
2025-12-12 20:45:08,454 - DEBUG - Channel 0 volume: 0.00
2025-12-12 20:45:08,496 - DEBUG - Channel 0 volume: 0.00
2025-12-12 20:45:08,579 - DEBUG - Channel 0 volume: 0.00
2025-12-12 20:45:09,494 - DEBUG - Channel 0 volume: 0.05
2025-12-12 20:45:10,101 - DEBUG - Channel 0 volume: 0.10
2025-12-12 20:45:10,133 - DEBUG - Channel 0 volume: 0.15
2025-12-12 20:45:10,175 - DEBUG - Channel 0 volume: 0.20
2025-12-12 20:45:10,217 - DEBUG - Channel 0 volume: 0.25
2025-12-12 20:45:10,259 - DEBUG - Channel 0 volume: 0.30
2025-12-12 20:45:10,301 - DEBUG - Channel 0 volume: 0.35
2025-12-12 20:45:10,333 - DEBUG - Channel 0 volume: 0.40
2025-12-12 20:45:10,375 - DEBUG - Channel 0 volume: 0.45
2025-12-12 20:45:10,417 - DEBUG - Channel 0 volume: 0.50
2025-12-12 20:45:10,459 - DEBUG - Channel 0 volume: 0.55
2025-12-12 20:45:10,501 - DEBUG - Channel 0 volume: 0.60
2025-12-12 20:45:10,533 - DEBUG - Channel 0 volume: 0.65
2025-12-12 20:45:10,575 - DEBUG - Channel 0 volume: 0.70
2025-12-12 20:45:10,617 - DEBUG - Channel 0 volume: 0.75
2025-12-12 20:45:10,659 - DEBUG - Channel 0 volume: 0.80
2025-12-12 20:45:10,701 - DEBUG - Channel 0 volume: 0.85
2025-12-12 20:45:10,733 - DEBUG - Channel 0 volume: 0.90
2025-12-12 20:45:10,775 - DEBUG - Channel 0 volume: 0.95
2025-12-12 20:45:10,817 - DEBUG - Channel 0 volume: 1.00
2025-12-12 20:45:10,859 - DEBUG - Channel 0 volume: 1.00
2025-12-12 20:45:10,901 - DEBUG - Channel 0 volume: 1.00
2025-12-12 20:45:10,933 - DEBUG - Channel 0 volume: 1.00
2025-12-12 20:45:10,975 - DEBUG - Channel 0 volume: 1.00
2025-12-12 20:45:11,017 - DEBUG - Channel 0 volume: 1.00
2025-12-12 20:45:11,058 - DEBUG - Channel 0 volume: 1.00
2025-12-12 20:45:11,100 - DEBUG - Channel 0 volume: 1.00
2025-12-12 20:45:11,142 - DEBUG - Channel 0 volume: 1.00
2025-12-12 20:45:11,791 - DEBUG - Channel 1 volume: 0.95
2025-12-12 20:45:12,387 - DEBUG - Channel 1 volume: 0.90
2025-12-12 20:45:12,430 - DEBUG - Channel 1 volume: 0.85
2025-12-12 20:45:12,472 - DEBUG - Channel 1 volume: 0.80
2025-12-12 20:45:12,514 - DEBUG - Channel 1 volume: 0.75
2025-12-12 20:45:12,556 - DEBUG - Channel 1 volume: 0.70
2025-12-12 20:45:12,587 - DEBUG - Channel 1 volume: 0.65
2025-12-12 20:45:12,629 - DEBUG - Channel 1 volume: 0.60
2025-12-12 20:45:12,671 - DEBUG - Channel 1 volume: 0.55
2025-12-12 20:45:12,713 - DEBUG - Channel 1 volume: 0.50
2025-12-12 20:45:12,755 - DEBUG - Channel 1 volume: 0.45
2025-12-12 20:45:12,787 - DEBUG - Channel 1 volume: 0.40
2025-12-12 20:45:12,829 - DEBUG - Channel 1 volume: 0.35
2025-12-12 20:45:12,871 - DEBUG - Channel 1 volume: 0.30
2025-12-12 20:45:12,913 - DEBUG - Channel 1 volume: 0.25
2025-12-12 20:45:13,498 - DEBUG - Channel 1 volume: 0.20
2025-12-12 20:45:14,104 - DEBUG - Channel 1 volume: 0.15
2025-12-12 20:45:14,146 - DEBUG - Channel 1 volume: 0.10
2025-12-12 20:45:14,178 - DEBUG - Channel 1 volume: 0.05
2025-12-12 20:45:14,220 - DEBUG - Channel 1 volume: 0.00
2025-12-12 20:45:14,262 - DEBUG - Channel 1 volume: 0.00
2025-12-12 20:45:14,303 - DEBUG - Channel 1 volume: 0.00
2025-12-12 20:45:14,345 - DEBUG - Channel 1 volume: 0.00
2025-12-12 20:45:14,377 - DEBUG - Channel 1 volume: 0.00
2025-12-12 20:45:14,419 - DEBUG - Channel 1 volume: 0.00
2025-12-12 20:45:14,461 - DEBUG - Channel 1 volume: 0.00
2025-12-12 20:45:14,502 - DEBUG - Channel 1 volume: 0.00
2025-12-12 20:45:14,770 - DEBUG - Channel 1 volume: 0.05
2025-12-12 20:45:15,366 - DEBUG - Channel 1 volume: 0.10
2025-12-12 20:45:15,408 - DEBUG - Channel 1 volume: 0.15
2025-12-12 20:45:15,450 - DEBUG - Channel 1 volume: 0.20
2025-12-12 20:45:15,492 - DEBUG - Channel 1 volume: 0.25
2025-12-12 20:45:15,534 - DEBUG - Channel 1 volume: 0.30
2025-12-12 20:45:15,566 - DEBUG - Channel 1 volume: 0.35
2025-12-12 20:45:15,608 - DEBUG - Channel 1 volume: 0.40
2025-12-12 20:45:15,650 - DEBUG - Channel 1 volume: 0.45
2025-12-12 20:45:15,692 - DEBUG - Channel 1 volume: 0.50
2025-12-12 20:45:15,734 - DEBUG - Channel 1 volume: 0.55
2025-12-12 20:45:15,765 - DEBUG - Channel 1 volume: 0.60
2025-12-12 20:45:15,807 - DEBUG - Channel 1 volume: 0.65
2025-12-12 20:45:15,849 - DEBUG - Channel 1 volume: 0.70
2025-12-12 20:45:15,891 - DEBUG - Channel 1 volume: 0.75
2025-12-12 20:45:15,933 - DEBUG - Channel 1 volume: 0.80
2025-12-12 20:45:15,965 - DEBUG - Channel 1 volume: 0.85
2025-12-12 20:45:16,007 - DEBUG - Channel 1 volume: 0.90
2025-12-12 20:45:16,049 - DEBUG - Channel 1 volume: 0.95
2025-12-12 20:45:16,091 - DEBUG - Channel 1 volume: 1.00
2025-12-12 20:45:16,133 - DEBUG - Channel 1 volume: 1.00
2025-12-12 20:45:16,174 - DEBUG - Channel 1 volume: 1.00
2025-12-12 20:45:16,205 - DEBUG - Channel 1 volume: 1.00
2025-12-12 20:45:16,247 - DEBUG - Channel 1 volume: 1.00
2025-12-12 20:45:16,289 - DEBUG - Channel 1 volume: 1.00
2025-12-12 20:45:16,331 - DEBUG - Channel 1 volume: 1.00
2025-12-12 20:45:16,373 - DEBUG - Channel 1 volume: 1.00
2025-12-12 20:45:16,415 - DEBUG - Channel 1 volume: 1.00
2025-12-12 20:45:18,541 - DEBUG - Channel 6 volume: 0.95
2025-12-12 20:45:18,706 - DEBUG - Channel 6 volume: 0.90
2025-12-12 20:45:18,871 - DEBUG - Channel 6 volume: 0.85
2025-12-12 20:45:19,025 - DEBUG - Channel 6 volume: 0.80
2025-12-12 20:45:19,170 - DEBUG - Channel 6 volume: 0.75
2025-12-12 20:45:19,325 - DEBUG - Channel 6 volume: 0.70
2025-12-12 20:45:19,479 - DEBUG - Channel 6 volume: 0.65
2025-12-12 20:45:19,644 - DEBUG - Channel 6 volume: 0.60
2025-12-12 20:45:19,810 - DEBUG - Channel 6 volume: 0.55
2025-12-12 20:45:19,965 - DEBUG - Channel 6 volume: 0.50
2025-12-12 20:45:20,120 - DEBUG - Channel 6 volume: 0.45
2025-12-12 20:45:20,264 - DEBUG - Channel 6 volume: 0.40
2025-12-12 20:45:20,419 - DEBUG - Channel 6 volume: 0.35
2025-12-12 20:45:20,605 - DEBUG - Channel 6 volume: 0.30
2025-12-12 20:45:21,201 - DEBUG - Channel 6 volume: 0.25
2025-12-12 20:45:21,243 - DEBUG - Channel 6 volume: 0.20
2025-12-12 20:45:21,285 - DEBUG - Channel 6 volume: 0.15
2025-12-12 20:45:21,317 - DEBUG - Channel 6 volume: 0.10
2025-12-12 20:45:21,359 - DEBUG - Channel 6 volume: 0.05
2025-12-12 20:45:21,401 - DEBUG - Channel 6 volume: 0.00
2025-12-12 20:45:21,443 - DEBUG - Channel 6 volume: 0.00
2025-12-12 20:45:21,485 - DEBUG - Channel 6 volume: 0.00
2025-12-12 20:45:21,526 - DEBUG - Channel 6 volume: 0.00
2025-12-12 20:45:21,558 - DEBUG - Channel 6 volume: 0.00
2025-12-12 20:45:21,600 - DEBUG - Channel 6 volume: 0.00
2025-12-12 20:45:21,642 - DEBUG - Channel 6 volume: 0.00
2025-12-12 20:45:29,001 - DEBUG - Channel 6 volume: 0.05
2025-12-12 20:45:29,176 - DEBUG - Channel 6 volume: 0.10
2025-12-12 20:45:29,331 - DEBUG - Channel 6 volume: 0.15
2025-12-12 20:45:29,476 - DEBUG - Channel 6 volume: 0.20
2025-12-12 20:45:29,641 - DEBUG - Channel 6 volume: 0.25
2025-12-12 20:45:30,236 - DEBUG - Channel 6 volume: 0.30
2025-12-12 20:45:30,278 - DEBUG - Channel 6 volume: 0.35
2025-12-12 20:45:30,320 - DEBUG - Channel 6 volume: 0.40
2025-12-12 20:45:30,362 - DEBUG - Channel 6 volume: 0.45
2025-12-12 20:45:30,394 - DEBUG - Channel 6 volume: 0.50
2025-12-12 20:45:30,436 - DEBUG - Channel 6 volume: 0.55
2025-12-12 20:45:30,478 - DEBUG - Channel 6 volume: 0.60
2025-12-12 20:45:30,520 - DEBUG - Channel 6 volume: 0.65
2025-12-12 20:45:30,562 - DEBUG - Channel 6 volume: 0.70
2025-12-12 20:45:30,593 - DEBUG - Channel 6 volume: 0.75
2025-12-12 20:45:30,635 - DEBUG - Channel 6 volume: 0.80
2025-12-12 20:45:30,677 - DEBUG - Channel 6 volume: 0.85
2025-12-12 20:45:30,719 - DEBUG - Channel 6 volume: 0.90
2025-12-12 20:45:30,761 - DEBUG - Channel 6 volume: 0.95
2025-12-12 20:45:30,793 - DEBUG - Channel 6 volume: 1.00
2025-12-12 20:45:30,835 - DEBUG - Channel 6 volume: 1.00
2025-12-12 20:45:30,877 - DEBUG - Channel 6 volume: 1.00
2025-12-12 20:45:30,919 - DEBUG - Channel 6 volume: 1.00
2025-12-12 20:45:30,960 - DEBUG - Channel 6 volume: 1.00
2025-12-12 20:45:31,003 - DEBUG - Channel 6 volume: 1.00
2025-12-12 20:45:31,127 - DEBUG - Channel 6 volume: 0.95
2025-12-12 20:45:31,466 - DEBUG - Channel 6 volume: 1.00
2025-12-12 20:45:31,632 - DEBUG - Channel 6 volume: 1.00
2025-12-12 20:45:33,152 - DEBUG - Channel 5 volume: 0.95
2025-12-12 20:45:33,758 - DEBUG - Channel 5 volume: 0.90
2025-12-12 20:45:33,790 - DEBUG - Channel 5 volume: 0.85
2025-12-12 20:45:33,832 - DEBUG - Channel 5 volume: 0.80
2025-12-12 20:45:33,874 - DEBUG - Channel 5 volume: 0.75
2025-12-12 20:45:33,916 - DEBUG - Channel 5 volume: 0.70
2025-12-12 20:45:33,958 - DEBUG - Channel 5 volume: 0.65
2025-12-12 20:45:33,990 - DEBUG - Channel 5 volume: 0.60
2025-12-12 20:45:34,032 - DEBUG - Channel 5 volume: 0.55
2025-12-12 20:45:34,074 - DEBUG - Channel 5 volume: 0.50
2025-12-12 20:45:34,116 - DEBUG - Channel 5 volume: 0.45
2025-12-12 20:45:34,158 - DEBUG - Channel 5 volume: 0.40
2025-12-12 20:45:34,190 - DEBUG - Channel 5 volume: 0.35
2025-12-12 20:45:34,232 - DEBUG - Channel 5 volume: 0.30
2025-12-12 20:45:34,273 - DEBUG - Channel 5 volume: 0.25
2025-12-12 20:45:34,315 - DEBUG - Channel 5 volume: 0.20
2025-12-12 20:45:34,357 - DEBUG - Channel 5 volume: 0.15
2025-12-12 20:45:34,399 - DEBUG - Channel 5 volume: 0.10
2025-12-12 20:45:34,431 - DEBUG - Channel 5 volume: 0.05
2025-12-12 20:45:34,473 - DEBUG - Channel 5 volume: 0.00
2025-12-12 20:45:34,515 - DEBUG - Channel 5 volume: 0.00
2025-12-12 20:45:34,557 - DEBUG - Channel 5 volume: 0.00
2025-12-12 20:45:34,599 - DEBUG - Channel 5 volume: 0.00
2025-12-12 20:45:34,630 - DEBUG - Channel 5 volume: 0.00
2025-12-12 20:45:34,672 - DEBUG - Channel 5 volume: 0.00
2025-12-12 20:45:34,714 - DEBUG - Channel 5 volume: 0.00
2025-12-12 20:45:34,756 - DEBUG - Channel 5 volume: 0.00
2025-12-12 20:45:34,798 - DEBUG - Channel 5 volume: 0.00
2025-12-12 20:45:36,556 - DEBUG - Channel 5 volume: 0.05
2025-12-12 20:45:37,152 - DEBUG - Channel 5 volume: 0.10
2025-12-12 20:45:37,195 - DEBUG - Channel 5 volume: 0.15
2025-12-12 20:45:37,237 - DEBUG - Channel 5 volume: 0.20
2025-12-12 20:45:37,268 - DEBUG - Channel 5 volume: 0.25
2025-12-12 20:45:37,310 - DEBUG - Channel 5 volume: 0.30
2025-12-12 20:45:37,353 - DEBUG - Channel 5 volume: 0.35
2025-12-12 20:45:37,394 - DEBUG - Channel 5 volume: 0.40
2025-12-12 20:45:37,436 - DEBUG - Channel 5 volume: 0.45
2025-12-12 20:45:37,468 - DEBUG - Channel 5 volume: 0.50
2025-12-12 20:45:37,510 - DEBUG - Channel 5 volume: 0.55
2025-12-12 20:45:37,552 - DEBUG - Channel 5 volume: 0.60
2025-12-12 20:45:37,594 - DEBUG - Channel 5 volume: 0.65
2025-12-12 20:45:37,636 - DEBUG - Channel 5 volume: 0.70
2025-12-12 20:45:37,667 - DEBUG - Channel 5 volume: 0.75
2025-12-12 20:45:37,709 - DEBUG - Channel 5 volume: 0.80
2025-12-12 20:45:37,752 - DEBUG - Channel 5 volume: 0.85
2025-12-12 20:45:37,794 - DEBUG - Channel 5 volume: 0.90
2025-12-12 20:45:37,836 - DEBUG - Channel 5 volume: 0.95
2025-12-12 20:45:37,867 - DEBUG - Channel 5 volume: 1.00
2025-12-12 20:45:37,909 - DEBUG - Channel 5 volume: 1.00
2025-12-12 20:45:37,951 - DEBUG - Channel 5 volume: 1.00
2025-12-12 20:45:37,992 - DEBUG - Channel 5 volume: 1.00
2025-12-12 20:45:38,034 - DEBUG - Channel 5 volume: 1.00
2025-12-12 20:45:38,076 - DEBUG - Channel 5 volume: 1.00
2025-12-12 20:45:38,755 - DEBUG - Channel 4 volume: 0.95
2025-12-12 20:45:39,351 - DEBUG - Channel 4 volume: 0.90
2025-12-12 20:45:39,393 - DEBUG - Channel 4 volume: 0.85
2025-12-12 20:45:39,435 - DEBUG - Channel 4 volume: 0.80
2025-12-12 20:45:39,467 - DEBUG - Channel 4 volume: 0.75
2025-12-12 20:45:39,509 - DEBUG - Channel 4 volume: 0.70
2025-12-12 20:45:39,551 - DEBUG - Channel 4 volume: 0.65
2025-12-12 20:45:39,593 - DEBUG - Channel 4 volume: 0.60
2025-12-12 20:45:39,635 - DEBUG - Channel 4 volume: 0.55
2025-12-12 20:45:39,667 - DEBUG - Channel 4 volume: 0.50
2025-12-12 20:45:39,709 - DEBUG - Channel 4 volume: 0.45
2025-12-12 20:45:39,751 - DEBUG - Channel 4 volume: 0.40
2025-12-12 20:45:39,793 - DEBUG - Channel 4 volume: 0.35
2025-12-12 20:45:39,835 - DEBUG - Channel 4 volume: 0.30
2025-12-12 20:45:39,866 - DEBUG - Channel 4 volume: 0.25
2025-12-12 20:45:39,908 - DEBUG - Channel 4 volume: 0.20
2025-12-12 20:45:39,950 - DEBUG - Channel 4 volume: 0.15
2025-12-12 20:45:39,992 - DEBUG - Channel 4 volume: 0.10
2025-12-12 20:45:40,034 - DEBUG - Channel 4 volume: 0.05
2025-12-12 20:45:40,066 - DEBUG - Channel 4 volume: 0.00
2025-12-12 20:45:40,108 - DEBUG - Channel 4 volume: 0.00
2025-12-12 20:45:40,150 - DEBUG - Channel 4 volume: 0.00
2025-12-12 20:45:40,192 - DEBUG - Channel 4 volume: 0.00
2025-12-12 20:45:40,234 - DEBUG - Channel 4 volume: 0.00
2025-12-12 20:45:40,276 - DEBUG - Channel 4 volume: 0.00
2025-12-12 20:45:40,307 - DEBUG - Channel 4 volume: 0.00
2025-12-12 20:45:40,349 - DEBUG - Channel 4 volume: 0.00
2025-12-12 20:45:40,391 - DEBUG - Channel 4 volume: 0.00
2025-12-12 20:47:42,274 - DEBUG - Triggering Channel 0 in ONESHOT
2025-12-12 20:47:42,278 - DEBUG - Triggering Channel 1 in ONESHOT
2025-12-12 20:47:42,279 - DEBUG - Triggering Channel 2 in ONESHOT
2025-12-12 20:47:42,279 - DEBUG - Triggering Channel 3 in ONESHOT
2025-12-12 20:47:42,279 - DEBUG - Triggering Channel 4 in ONESHOT
2025-12-12 20:47:42,279 - DEBUG - Triggering Channel 5 in ONESHOT
2025-12-12 20:47:42,279 - DEBUG - Triggering Channel 6 in ONESHOT
2025-12-12 20:48:04,677 - DEBUG - Channel 3 volume: 0.95
2025-12-12 20:48:05,270 - DEBUG - Channel 3 volume: 0.90
2025-12-12 20:48:05,312 - DEBUG - Channel 3 volume: 0.85
2025-12-12 20:48:05,354 - DEBUG - Channel 3 volume: 0.80
2025-12-12 20:48:05,396 - DEBUG - Channel 3 volume: 0.75
2025-12-12 20:48:05,438 - DEBUG - Channel 3 volume: 0.70
2025-12-12 20:48:05,469 - DEBUG - Channel 3 volume: 0.65
2025-12-12 20:48:05,511 - DEBUG - Channel 3 volume: 0.60
2025-12-12 20:48:05,553 - DEBUG - Channel 3 volume: 0.55
2025-12-12 20:48:05,595 - DEBUG - Channel 3 volume: 0.50
2025-12-12 20:48:05,637 - DEBUG - Channel 3 volume: 0.45
2025-12-12 20:48:05,669 - DEBUG - Channel 3 volume: 0.40
2025-12-12 20:48:05,711 - DEBUG - Channel 3 volume: 0.35
2025-12-12 20:48:05,753 - DEBUG - Channel 3 volume: 0.30
2025-12-12 20:48:05,795 - DEBUG - Channel 3 volume: 0.25
2025-12-12 20:48:05,837 - DEBUG - Channel 3 volume: 0.20
2025-12-12 20:48:05,879 - DEBUG - Channel 3 volume: 0.15
2025-12-12 20:48:05,910 - DEBUG - Channel 3 volume: 0.10
2025-12-12 20:48:05,952 - DEBUG - Channel 3 volume: 0.05
2025-12-12 20:48:05,994 - DEBUG - Channel 3 volume: 0.00
2025-12-12 20:48:06,036 - DEBUG - Channel 3 volume: 0.00
2025-12-12 20:48:06,077 - DEBUG - Channel 3 volume: 0.00
2025-12-12 20:48:06,109 - DEBUG - Channel 3 volume: 0.00
2025-12-12 20:48:06,150 - DEBUG - Channel 3 volume: 0.00
2025-12-12 20:48:06,192 - DEBUG - Channel 3 volume: 0.00
2025-12-12 20:48:06,233 - DEBUG - Channel 3 volume: 0.00
2025-12-12 20:48:06,623 - DEBUG - Channel 2 volume: 0.95
2025-12-12 20:48:07,226 - DEBUG - Channel 2 volume: 0.90
2025-12-12 20:48:07,268 - DEBUG - Channel 2 volume: 0.85
2025-12-12 20:48:07,310 - DEBUG - Channel 2 volume: 0.80
2025-12-12 20:48:07,341 - DEBUG - Channel 2 volume: 0.75
2025-12-12 20:48:07,383 - DEBUG - Channel 2 volume: 0.70
2025-12-12 20:48:07,425 - DEBUG - Channel 2 volume: 0.65
2025-12-12 20:48:07,467 - DEBUG - Channel 2 volume: 0.60
2025-12-12 20:48:07,508 - DEBUG - Channel 2 volume: 0.55
2025-12-12 20:48:07,550 - DEBUG - Channel 2 volume: 0.50
2025-12-12 20:48:07,582 - DEBUG - Channel 2 volume: 0.45
2025-12-12 20:48:07,624 - DEBUG - Channel 2 volume: 0.40
2025-12-12 20:48:07,666 - DEBUG - Channel 2 volume: 0.35
2025-12-12 20:48:07,707 - DEBUG - Channel 2 volume: 0.30
2025-12-12 20:48:07,749 - DEBUG - Channel 2 volume: 0.25
2025-12-12 20:48:07,781 - DEBUG - Channel 2 volume: 0.20
2025-12-12 20:48:07,823 - DEBUG - Channel 2 volume: 0.15
2025-12-12 20:48:07,864 - DEBUG - Channel 2 volume: 0.10
2025-12-12 20:48:07,906 - DEBUG - Channel 2 volume: 0.05
2025-12-12 20:48:07,948 - DEBUG - Channel 2 volume: 0.00
2025-12-12 20:48:07,989 - DEBUG - Channel 2 volume: 0.00
2025-12-12 20:48:08,021 - DEBUG - Channel 2 volume: 0.00
2025-12-12 20:48:08,062 - DEBUG - Channel 2 volume: 0.00
2025-12-12 20:48:08,104 - DEBUG - Channel 2 volume: 0.00
2025-12-12 20:48:08,146 - DEBUG - Channel 2 volume: 0.00
2025-12-12 20:48:08,340 - DEBUG - Channel 1 volume: 0.95
2025-12-12 20:48:08,932 - DEBUG - Channel 1 volume: 0.90
2025-12-12 20:48:08,974 - DEBUG - Channel 1 volume: 0.85
2025-12-12 20:48:09,016 - DEBUG - Channel 1 volume: 0.80
2025-12-12 20:48:09,058 - DEBUG - Channel 1 volume: 0.75
2025-12-12 20:48:09,100 - DEBUG - Channel 1 volume: 0.70
2025-12-12 20:48:09,142 - DEBUG - Channel 1 volume: 0.65
2025-12-12 20:48:09,173 - DEBUG - Channel 1 volume: 0.60
2025-12-12 20:48:09,215 - DEBUG - Channel 1 volume: 0.55
2025-12-12 20:48:09,257 - DEBUG - Channel 1 volume: 0.50
2025-12-12 20:48:09,299 - DEBUG - Channel 1 volume: 0.45
2025-12-12 20:48:09,341 - DEBUG - Channel 1 volume: 0.40
2025-12-12 20:48:09,372 - DEBUG - Channel 1 volume: 0.35
2025-12-12 20:48:09,414 - DEBUG - Channel 1 volume: 0.30
2025-12-12 20:48:09,456 - DEBUG - Channel 1 volume: 0.25
2025-12-12 20:48:09,498 - DEBUG - Channel 1 volume: 0.20
2025-12-12 20:48:09,539 - DEBUG - Channel 1 volume: 0.15
2025-12-12 20:48:09,581 - DEBUG - Channel 1 volume: 0.10
2025-12-12 20:48:09,613 - DEBUG - Channel 1 volume: 0.05
2025-12-12 20:48:09,654 - DEBUG - Channel 1 volume: 0.00
2025-12-12 20:48:09,696 - DEBUG - Channel 1 volume: 0.00
2025-12-12 20:48:09,737 - DEBUG - Channel 1 volume: 0.00
2025-12-12 20:48:09,779 - DEBUG - Channel 1 volume: 0.00
2025-12-12 20:48:09,821 - DEBUG - Channel 1 volume: 0.00
2025-12-12 20:48:10,036 - DEBUG - Channel 0 volume: 0.95
2025-12-12 20:48:10,640 - DEBUG - Channel 0 volume: 0.90
2025-12-12 20:48:10,682 - DEBUG - Channel 0 volume: 0.85
2025-12-12 20:48:10,713 - DEBUG - Channel 0 volume: 0.80
2025-12-12 20:48:10,755 - DEBUG - Channel 0 volume: 0.75
2025-12-12 20:48:10,796 - DEBUG - Channel 0 volume: 0.70
2025-12-12 20:48:10,838 - DEBUG - Channel 0 volume: 0.65
2025-12-12 20:48:10,880 - DEBUG - Channel 0 volume: 0.60
2025-12-12 20:48:10,922 - DEBUG - Channel 0 volume: 0.55
2025-12-12 20:48:10,954 - DEBUG - Channel 0 volume: 0.50
2025-12-12 20:48:10,996 - DEBUG - Channel 0 volume: 0.45
2025-12-12 20:48:11,037 - DEBUG - Channel 0 volume: 0.40
2025-12-12 20:48:11,079 - DEBUG - Channel 0 volume: 0.35
2025-12-12 20:48:11,121 - DEBUG - Channel 0 volume: 0.30
2025-12-12 20:48:11,153 - DEBUG - Channel 0 volume: 0.25
2025-12-12 20:48:11,195 - DEBUG - Channel 0 volume: 0.20
2025-12-12 20:48:11,236 - DEBUG - Channel 0 volume: 0.15
2025-12-12 20:48:11,278 - DEBUG - Channel 0 volume: 0.10
2025-12-12 20:48:11,320 - DEBUG - Channel 0 volume: 0.05
2025-12-12 20:48:11,361 - DEBUG - Channel 0 volume: 0.00
2025-12-12 20:48:11,393 - DEBUG - Channel 0 volume: 0.00
2025-12-12 20:48:11,435 - DEBUG - Channel 0 volume: 0.00
2025-12-12 20:48:11,476 - DEBUG - Channel 0 volume: 0.00
2025-12-12 20:48:11,518 - DEBUG - Channel 0 volume: 0.00
2025-12-12 20:48:11,559 - DEBUG - Channel 0 volume: 0.00
2025-12-12 20:48:13,210 - DEBUG - Channel 5 volume: 0.95
2025-12-12 20:48:13,812 - DEBUG - Channel 5 volume: 0.90
2025-12-12 20:48:13,855 - DEBUG - Channel 5 volume: 0.85
2025-12-12 20:48:13,886 - DEBUG - Channel 5 volume: 0.80
2025-12-12 20:48:13,928 - DEBUG - Channel 5 volume: 0.75
2025-12-12 20:48:13,970 - DEBUG - Channel 5 volume: 0.70
2025-12-12 20:48:14,012 - DEBUG - Channel 5 volume: 0.65
2025-12-12 20:48:14,054 - DEBUG - Channel 5 volume: 0.60
2025-12-12 20:48:14,095 - DEBUG - Channel 5 volume: 0.55
2025-12-12 20:48:14,127 - DEBUG - Channel 5 volume: 0.50
2025-12-12 20:48:14,169 - DEBUG - Channel 5 volume: 0.45
2025-12-12 20:48:14,211 - DEBUG - Channel 5 volume: 0.40
2025-12-12 20:48:14,253 - DEBUG - Channel 5 volume: 0.35
2025-12-12 20:48:14,294 - DEBUG - Channel 5 volume: 0.30
2025-12-12 20:48:14,326 - DEBUG - Channel 5 volume: 0.25
2025-12-12 20:48:14,368 - DEBUG - Channel 5 volume: 0.20
2025-12-12 20:48:14,409 - DEBUG - Channel 5 volume: 0.15
2025-12-12 20:48:14,451 - DEBUG - Channel 5 volume: 0.10
2025-12-12 20:48:14,493 - DEBUG - Channel 5 volume: 0.05
2025-12-12 20:48:14,535 - DEBUG - Channel 5 volume: 0.00
2025-12-12 20:48:14,566 - DEBUG - Channel 5 volume: 0.00
2025-12-12 20:48:14,608 - DEBUG - Channel 5 volume: 0.00
2025-12-12 20:48:14,649 - DEBUG - Channel 5 volume: 0.00
2025-12-12 20:48:14,691 - DEBUG - Channel 5 volume: 0.00
2025-12-12 20:48:14,733 - DEBUG - Channel 5 volume: 0.00
2025-12-12 20:48:14,774 - DEBUG - Channel 5 volume: 0.00
2025-12-12 20:48:15,307 - DEBUG - Channel 6 volume: 0.95
2025-12-12 20:48:15,910 - DEBUG - Channel 6 volume: 0.90
2025-12-12 20:48:15,942 - DEBUG - Channel 6 volume: 0.85
2025-12-12 20:48:15,983 - DEBUG - Channel 6 volume: 0.80
2025-12-12 20:48:16,025 - DEBUG - Channel 6 volume: 0.75
2025-12-12 20:48:16,067 - DEBUG - Channel 6 volume: 0.70
2025-12-12 20:48:16,109 - DEBUG - Channel 6 volume: 0.65
2025-12-12 20:48:16,150 - DEBUG - Channel 6 volume: 0.60
2025-12-12 20:48:16,182 - DEBUG - Channel 6 volume: 0.55
2025-12-12 20:48:16,224 - DEBUG - Channel 6 volume: 0.50
2025-12-12 20:48:16,266 - DEBUG - Channel 6 volume: 0.45
2025-12-12 20:48:16,307 - DEBUG - Channel 6 volume: 0.40
2025-12-12 20:48:16,349 - DEBUG - Channel 6 volume: 0.35
2025-12-12 20:48:16,391 - DEBUG - Channel 6 volume: 0.30
2025-12-12 20:48:16,422 - DEBUG - Channel 6 volume: 0.25
2025-12-12 20:48:16,464 - DEBUG - Channel 6 volume: 0.20
2025-12-12 20:48:16,506 - DEBUG - Channel 6 volume: 0.15
2025-12-12 20:48:16,547 - DEBUG - Channel 6 volume: 0.10
2025-12-12 20:48:16,773 - DEBUG - Channel 6 volume: 0.05
2025-12-12 20:48:18,050 - DEBUG - Channel 6 volume: 0.10
2025-12-12 20:48:29,093 - DEBUG - Channel 5 volume: 0.05
2025-12-12 20:48:29,380 - DEBUG - Channel 5 volume: 0.10
2025-12-12 20:48:31,077 - DEBUG - Channel 4 volume: 0.05
2025-12-12 20:48:31,252 - DEBUG - Channel 4 volume: 0.10
2025-12-12 20:48:32,440 - DEBUG - Channel 3 volume: 0.05
2025-12-12 20:48:32,604 - DEBUG - Channel 3 volume: 0.10
2025-12-12 20:48:33,390 - DEBUG - Channel 2 volume: 0.05
2025-12-12 20:48:33,534 - DEBUG - Channel 2 volume: 0.10
2025-12-12 20:48:34,636 - DEBUG - Channel 1 volume: 0.05
2025-12-12 20:48:34,778 - DEBUG - Channel 1 volume: 0.10
2025-12-12 20:48:35,268 - DEBUG - Channel 0 volume: 0.00
2025-12-12 20:48:35,564 - DEBUG - Channel 0 volume: 0.05
2025-12-12 20:48:35,698 - DEBUG - Channel 0 volume: 0.10
2025-12-12 20:48:36,524 - DEBUG - Channel 0 volume: 0.15
2025-12-12 20:48:36,698 - DEBUG - Channel 0 volume: 0.20
2025-12-12 20:48:37,455 - DEBUG - Channel 0 volume: 0.15
2025-12-12 20:48:38,589 - DEBUG - Channel 1 volume: 0.15
2025-12-12 20:48:38,763 - DEBUG - Channel 1 volume: 0.20
2025-12-12 20:48:38,926 - DEBUG - Channel 1 volume: 0.25
2025-12-12 20:48:39,090 - DEBUG - Channel 1 volume: 0.30
2025-12-12 20:48:39,244 - DEBUG - Channel 1 volume: 0.35
2025-12-12 20:48:39,407 - DEBUG - Channel 1 volume: 0.40
2025-12-12 20:48:39,562 - DEBUG - Channel 1 volume: 0.45
2025-12-12 20:48:39,737 - DEBUG - Channel 1 volume: 0.50
2025-12-12 20:48:42,496 - DEBUG - Channel 2 volume: 0.15
2025-12-12 20:48:42,681 - DEBUG - Channel 2 volume: 0.20
2025-12-12 20:48:42,814 - DEBUG - Channel 2 volume: 0.25
2025-12-12 20:48:44,182 - DEBUG - Channel 3 volume: 0.15
2025-12-12 20:48:44,428 - DEBUG - Channel 3 volume: 0.20
2025-12-12 20:48:44,622 - DEBUG - Channel 3 volume: 0.25
2025-12-12 20:48:44,786 - DEBUG - Channel 3 volume: 0.30
2025-12-12 20:48:45,113 - DEBUG - Channel 3 volume: 0.35
2025-12-12 20:48:45,725 - DEBUG - Channel 4 volume: 0.15
2025-12-12 20:48:45,899 - DEBUG - Channel 4 volume: 0.20
2025-12-12 20:48:46,084 - DEBUG - Channel 4 volume: 0.25
2025-12-12 20:48:47,287 - DEBUG - Channel 4 volume: 0.30
2025-12-12 20:48:47,472 - DEBUG - Channel 4 volume: 0.35
2025-12-12 20:48:48,075 - DEBUG - Channel 4 volume: 0.40
2025-12-12 20:48:48,106 - DEBUG - Channel 4 volume: 0.45
2025-12-12 20:48:48,148 - DEBUG - Channel 4 volume: 0.50
2025-12-12 20:48:48,189 - DEBUG - Channel 4 volume: 0.55
2025-12-12 20:48:48,231 - DEBUG - Channel 4 volume: 0.60
2025-12-12 20:48:48,272 - DEBUG - Channel 4 volume: 0.65
2025-12-12 20:48:49,007 - DEBUG - Channel 4 volume: 0.60
2025-12-12 20:48:49,222 - DEBUG - Channel 4 volume: 0.55
2025-12-12 20:48:49,417 - DEBUG - Channel 4 volume: 0.50
2025-12-12 20:48:50,019 - DEBUG - Channel 4 volume: 0.45
2025-12-12 20:48:50,051 - DEBUG - Channel 4 volume: 0.40
2025-12-12 20:48:51,186 - DEBUG - Channel 1 volume: 0.45
2025-12-12 20:48:51,841 - DEBUG - Channel 0 volume: 0.10
2025-12-12 20:48:52,446 - DEBUG - Channel 0 volume: 0.05
2025-12-12 20:48:52,488 - DEBUG - Channel 0 volume: 0.00
2025-12-12 20:48:52,519 - DEBUG - Channel 0 volume: 0.00
2025-12-12 20:48:52,561 - DEBUG - Channel 0 volume: 0.00
2025-12-12 20:48:52,602 - DEBUG - Channel 0 volume: 0.00
2025-12-12 20:48:52,644 - DEBUG - Channel 0 volume: 0.00
2025-12-12 20:48:52,686 - DEBUG - Channel 0 volume: 0.00
2025-12-12 20:48:52,728 - DEBUG - Channel 0 volume: 0.00
2025-12-12 20:48:53,188 - DEBUG - Channel 0 volume: 0.05
2025-12-12 20:48:54,485 - DEBUG - Channel 1 volume: 0.40
2025-12-12 20:48:54,700 - DEBUG - Channel 1 volume: 0.35
2025-12-12 20:48:56,478 - DEBUG - Channel 5 volume: 0.15
2025-12-12 20:48:57,541 - DEBUG - Channel 5 volume: 0.10
2025-12-12 20:48:58,287 - DEBUG - Channel 3 volume: 0.30
2025-12-12 20:48:58,461 - DEBUG - Channel 3 volume: 0.25
2025-12-12 20:48:58,635 - DEBUG - Channel 3 volume: 0.20
2025-12-12 20:48:59,137 - DEBUG - Channel 4 volume: 0.35
2025-12-12 20:48:59,331 - DEBUG - Channel 4 volume: 0.30
2025-12-12 20:48:59,516 - DEBUG - Channel 4 volume: 0.25
2025-12-12 20:48:59,895 - DEBUG - Channel 4 volume: 0.20
2025-12-12 20:49:00,950 - DEBUG - Channel 2 volume: 0.20
2025-12-12 20:49:01,545 - DEBUG - Channel 1 volume: 0.30
2025-12-12 20:49:01,750 - DEBUG - Channel 1 volume: 0.25
2025-12-12 20:49:02,230 - DEBUG - Channel 1 volume: 0.20
2025-12-12 20:49:44,449 - DEBUG - Channel 0 volume: 0.00
2025-12-12 20:49:44,643 - DEBUG - Channel 0 volume: 0.00
2025-12-12 20:49:44,818 - DEBUG - Channel 0 volume: 0.00
2025-12-12 20:49:45,002 - DEBUG - Channel 0 volume: 0.00
2025-12-12 20:49:45,156 - DEBUG - Channel 0 volume: 0.00
2025-12-12 20:49:45,371 - DEBUG - Channel 0 volume: 0.00
2025-12-12 20:49:46,677 - DEBUG - Channel 1 volume: 0.15
2025-12-12 20:49:47,280 - DEBUG - Channel 1 volume: 0.10
2025-12-12 20:49:47,322 - DEBUG - Channel 1 volume: 0.05
2025-12-12 20:49:47,354 - DEBUG - Channel 1 volume: 0.00
2025-12-12 20:49:47,395 - DEBUG - Channel 1 volume: 0.00
2025-12-12 20:49:47,437 - DEBUG - Channel 1 volume: 0.00
2025-12-12 20:49:47,479 - DEBUG - Channel 1 volume: 0.00
2025-12-12 20:49:47,735 - DEBUG - Channel 2 volume: 0.15
2025-12-12 20:49:48,338 - DEBUG - Channel 2 volume: 0.10
2025-12-12 20:49:48,369 - DEBUG - Channel 2 volume: 0.05
2025-12-12 20:49:48,411 - DEBUG - Channel 2 volume: 0.00
2025-12-12 20:49:48,453 - DEBUG - Channel 2 volume: 0.00
2025-12-12 20:49:48,494 - DEBUG - Channel 2 volume: 0.00
2025-12-12 20:49:48,904 - DEBUG - Channel 3 volume: 0.15
2025-12-12 20:49:49,506 - DEBUG - Channel 3 volume: 0.10
2025-12-12 20:49:49,548 - DEBUG - Channel 3 volume: 0.05
2025-12-12 20:49:49,590 - DEBUG - Channel 3 volume: 0.00
2025-12-12 20:49:49,631 - DEBUG - Channel 3 volume: 0.00
2025-12-12 20:49:49,663 - DEBUG - Channel 3 volume: 0.00
2025-12-12 20:49:49,705 - DEBUG - Channel 3 volume: 0.00
2025-12-12 20:49:49,746 - DEBUG - Channel 3 volume: 0.00
2025-12-12 20:49:49,788 - DEBUG - Channel 3 volume: 0.00
2025-12-12 20:49:49,830 - DEBUG - Channel 3 volume: 0.00
2025-12-12 20:49:51,355 - DEBUG - Channel 4 volume: 0.15
2025-12-12 20:49:51,519 - DEBUG - Channel 4 volume: 0.10
2025-12-12 20:49:51,683 - DEBUG - Channel 4 volume: 0.05
2025-12-12 20:49:51,827 - DEBUG - Channel 4 volume: 0.00
2025-12-12 20:49:51,961 - DEBUG - Channel 4 volume: 0.00
2025-12-12 20:49:53,838 - DEBUG - Channel 6 volume: 0.05
2025-12-12 20:49:54,012 - DEBUG - Channel 6 volume: 0.00
2025-12-12 20:49:54,176 - DEBUG - Channel 6 volume: 0.00
2025-12-12 20:49:55,364 - DEBUG - Channel 5 volume: 0.05
2025-12-12 20:49:55,518 - DEBUG - Channel 5 volume: 0.00
2025-12-12 20:49:55,702 - DEBUG - Channel 5 volume: 0.00
2025-12-12 20:49:55,877 - DEBUG - Channel 5 volume: 0.00
2025-12-12 20:49:56,010 - DEBUG - Channel 5 volume: 0.00
2025-12-12 20:49:56,164 - DEBUG - Channel 5 volume: 0.00
2025-12-12 20:49:59,005 - DEBUG - Channel 5 volume: 0.05
2025-12-12 20:49:59,138 - DEBUG - Channel 5 volume: 0.10
2025-12-12 20:49:59,302 - DEBUG - Channel 5 volume: 0.15
2025-12-12 20:49:59,466 - DEBUG - Channel 5 volume: 0.20
2025-12-12 20:49:59,610 - DEBUG - Channel 5 volume: 0.25
2025-12-12 20:49:59,795 - DEBUG - Channel 5 volume: 0.30
2025-12-12 20:50:00,143 - DEBUG - Channel 5 volume: 0.25
2025-12-12 20:50:00,297 - DEBUG - Channel 5 volume: 0.20
2025-12-12 20:50:00,451 - DEBUG - Channel 5 volume: 0.15
2025-12-12 20:50:01,063 - DEBUG - Channel 5 volume: 0.20
2025-12-12 20:50:01,237 - DEBUG - Channel 5 volume: 0.15
2025-12-12 20:50:01,382 - DEBUG - Channel 5 volume: 0.10
2025-12-12 20:50:01,525 - DEBUG - Channel 5 volume: 0.05
2025-12-12 20:50:01,659 - DEBUG - Channel 5 volume: 0.00
2025-12-12 20:50:01,802 - DEBUG - Channel 5 volume: 0.00
2025-12-12 20:50:01,967 - DEBUG - Channel 5 volume: 0.00
2025-12-12 20:50:06,824 - DEBUG - Channel 0 volume: 0.05
2025-12-12 20:50:07,182 - DEBUG - Channel 0 volume: 0.10
2025-12-12 20:50:07,326 - DEBUG - Channel 0 volume: 0.15
2025-12-12 20:50:10,989 - DEBUG - Triggering Channel 0 in ONESHOT
2025-12-12 20:50:10,989 - DEBUG - Triggering Channel 1 in ONESHOT
2025-12-12 20:50:10,989 - DEBUG - Triggering Channel 2 in ONESHOT
2025-12-12 20:50:10,989 - DEBUG - Triggering Channel 3 in ONESHOT
2025-12-12 20:50:10,989 - DEBUG - Triggering Channel 4 in ONESHOT
2025-12-12 20:50:10,989 - DEBUG - Triggering Channel 5 in ONESHOT
2025-12-12 20:50:10,989 - DEBUG - Triggering Channel 6 in ONESHOT
2025-12-12 20:50:16,136 - DEBUG - Channel 0 volume: 0.20
2025-12-12 20:50:16,453 - DEBUG - Channel 0 volume: 0.25
2025-12-12 20:50:16,627 - DEBUG - Channel 0 volume: 0.30
2025-12-12 20:50:16,771 - DEBUG - Channel 0 volume: 0.35
2025-12-12 20:50:17,375 - DEBUG - Channel 0 volume: 0.40
2025-12-12 20:50:17,509 - DEBUG - Channel 0 volume: 0.45
2025-12-12 20:50:17,653 - DEBUG - Channel 0 volume: 0.50
2025-12-12 20:50:18,694 - DEBUG - Channel 0 volume: 0.45
2025-12-12 20:50:18,899 - DEBUG - Channel 0 volume: 0.40
2025-12-12 20:50:23,373 - DEBUG - Channel 1 volume: 0.05
2025-12-12 20:50:23,701 - DEBUG - Channel 1 volume: 0.10
2025-12-12 20:50:26,849 - DEBUG - Channel 1 volume: 0.15
2025-12-12 20:50:27,064 - DEBUG - Channel 1 volume: 0.20
2025-12-12 20:50:27,208 - DEBUG - Channel 1 volume: 0.25
2025-12-12 20:50:27,422 - DEBUG - Channel 1 volume: 0.30
2025-12-12 20:50:27,740 - DEBUG - Channel 1 volume: 0.35
2025-12-12 20:50:28,027 - DEBUG - Channel 1 volume: 0.40
2025-12-12 20:50:28,856 - DEBUG - Channel 1 volume: 0.35
2025-12-12 20:50:29,010 - DEBUG - Channel 1 volume: 0.30
2025-12-12 20:50:29,614 - DEBUG - Channel 1 volume: 0.25
2025-12-12 20:50:29,656 - DEBUG - Channel 1 volume: 0.20
2025-12-12 20:50:29,698 - DEBUG - Channel 1 volume: 0.15
2025-12-12 20:50:29,729 - DEBUG - Channel 1 volume: 0.10
2025-12-12 20:50:29,771 - DEBUG - Channel 1 volume: 0.05
2025-12-12 20:50:29,813 - DEBUG - Channel 1 volume: 0.00
2025-12-12 20:50:29,854 - DEBUG - Channel 1 volume: 0.00
2025-12-12 20:50:29,896 - DEBUG - Channel 1 volume: 0.00
2025-12-12 20:50:30,192 - DEBUG - Channel 2 volume: 0.05
2025-12-12 20:50:30,367 - DEBUG - Channel 2 volume: 0.10
2025-12-12 20:50:30,511 - DEBUG - Channel 2 volume: 0.15
2025-12-12 20:50:30,666 - DEBUG - Channel 2 volume: 0.20
2025-12-12 20:50:30,810 - DEBUG - Channel 2 volume: 0.25
2025-12-12 20:50:31,015 - DEBUG - Channel 2 volume: 0.30
2025-12-12 20:50:31,496 - DEBUG - Channel 2 volume: 0.35
2025-12-12 20:50:31,660 - DEBUG - Channel 2 volume: 0.40
2025-12-12 20:50:34,364 - DEBUG - Channel 3 volume: 0.05
2025-12-12 20:50:34,569 - DEBUG - Channel 3 volume: 0.10
2025-12-12 20:50:34,712 - DEBUG - Channel 3 volume: 0.15
2025-12-12 20:50:34,877 - DEBUG - Channel 3 volume: 0.20
2025-12-12 20:50:35,112 - DEBUG - Channel 3 volume: 0.25
2025-12-12 20:50:35,318 - DEBUG - Channel 3 volume: 0.30
2025-12-12 20:50:35,697 - DEBUG - Channel 3 volume: 0.35
2025-12-12 20:50:35,861 - DEBUG - Channel 3 volume: 0.40
2025-12-12 20:50:43,264 - DEBUG - Channel 4 volume: 0.05
2025-12-12 20:50:43,449 - DEBUG - Channel 4 volume: 0.10
2025-12-12 20:50:43,634 - DEBUG - Channel 4 volume: 0.15
2025-12-12 20:50:43,850 - DEBUG - Channel 4 volume: 0.20
2025-12-12 20:50:44,730 - DEBUG - Channel 4 volume: 0.15
2025-12-12 20:50:56,185 - DEBUG - Channel 6 volume: 0.05
2025-12-12 20:50:56,380 - DEBUG - Channel 6 volume: 0.10
2025-12-12 20:50:56,544 - DEBUG - Channel 6 volume: 0.15
2025-12-12 20:50:57,811 - DEBUG - Channel 6 volume: 0.10
2025-12-12 20:50:58,117 - DEBUG - Channel 6 volume: 0.05
2025-12-12 20:50:58,281 - DEBUG - Channel 6 volume: 0.00
2025-12-12 20:50:58,446 - DEBUG - Channel 6 volume: 0.00
2025-12-12 20:50:59,224 - DEBUG - Channel 6 volume: 0.05
2025-12-12 20:51:00,625 - DEBUG - Channel 6 volume: 0.00
2025-12-12 20:51:01,350 - DEBUG - Channel 6 volume: 0.05
2025-12-12 20:51:01,514 - DEBUG - Channel 6 volume: 0.10
2025-12-12 20:51:02,035 - DEBUG - Channel 6 volume: 0.15
2025-12-12 20:51:02,822 - DEBUG - Channel 6 volume: 0.20
2025-12-12 20:51:03,026 - DEBUG - Channel 6 volume: 0.25
2025-12-12 20:51:03,753 - DEBUG - Channel 6 volume: 0.30
2025-12-12 20:51:04,733 - DEBUG - Channel 6 volume: 0.25
2025-12-12 20:51:04,918 - DEBUG - Channel 6 volume: 0.20
2025-12-12 20:51:06,042 - DEBUG - Channel 6 volume: 0.15
2025-12-12 20:51:06,626 - DEBUG - Channel 6 volume: 0.10
2025-12-12 20:51:06,882 - DEBUG - Channel 6 volume: 0.05
2025-12-12 20:51:07,168 - DEBUG - Channel 6 volume: 0.00
2025-12-12 20:51:09,173 - DEBUG - Channel 5 volume: 0.05
2025-12-12 20:51:09,419 - DEBUG - Channel 5 volume: 0.10
2025-12-12 20:51:10,544 - DEBUG - Channel 5 volume: 0.15
2025-12-12 20:51:12,304 - DEBUG - Channel 5 volume: 0.20
2025-12-12 20:51:12,907 - DEBUG - Channel 5 volume: 0.25
2025-12-12 20:51:12,949 - DEBUG - Channel 5 volume: 0.30
2025-12-12 20:51:14,197 - DEBUG - Channel 5 volume: 0.35
2025-12-12 20:51:20,017 - DEBUG - Channel 5 volume: 0.30
2025-12-12 20:51:20,212 - DEBUG - Channel 5 volume: 0.25
2025-12-12 20:51:20,407 - DEBUG - Channel 5 volume: 0.20
2025-12-12 20:51:20,592 - DEBUG - Channel 5 volume: 0.15
2025-12-12 20:51:20,766 - DEBUG - Channel 5 volume: 0.10
2025-12-12 20:51:20,951 - DEBUG - Channel 5 volume: 0.05
2025-12-12 20:51:21,136 - DEBUG - Channel 5 volume: 0.00
2025-12-12 20:51:21,300 - DEBUG - Channel 5 volume: 0.00
2025-12-12 20:51:23,337 - DEBUG - Channel 0 volume: 0.35
2025-12-12 20:51:23,593 - DEBUG - Channel 0 volume: 0.30
2025-12-12 20:51:23,778 - DEBUG - Channel 0 volume: 0.25
2025-12-12 20:51:24,710 - DEBUG - Channel 0 volume: 0.20
2025-12-12 20:51:26,436 - DEBUG - Channel 0 volume: 0.15
2025-12-12 20:52:49,808 - DEBUG - Triggering Channel 0 in ONESHOT
2025-12-12 20:52:49,808 - DEBUG - Triggering Channel 1 in ONESHOT
2025-12-12 20:52:49,808 - DEBUG - Triggering Channel 2 in ONESHOT
2025-12-12 20:52:49,808 - DEBUG - Triggering Channel 3 in ONESHOT
2025-12-12 20:52:49,808 - DEBUG - Triggering Channel 4 in ONESHOT
2025-12-12 20:52:49,808 - DEBUG - Triggering Channel 5 in ONESHOT
2025-12-12 20:52:49,808 - DEBUG - Triggering Channel 6 in ONESHOT
2025-12-12 20:53:23,064 - DEBUG - Channel 0 volume: 0.20
2025-12-12 20:53:23,217 - DEBUG - Channel 0 volume: 0.25
2025-12-12 20:53:49,479 - DEBUG - Channel 1 volume: 0.05
2025-12-12 20:53:49,633 - DEBUG - Channel 1 volume: 0.10
2025-12-12 20:53:49,788 - DEBUG - Channel 1 volume: 0.15
2025-12-12 20:53:49,952 - DEBUG - Channel 1 volume: 0.20
2025-12-12 20:53:50,260 - DEBUG - Channel 1 volume: 0.15
2025-12-12 20:53:50,404 - DEBUG - Channel 1 volume: 0.10
2025-12-12 20:53:50,558 - DEBUG - Channel 1 volume: 0.05
2025-12-12 20:53:50,743 - DEBUG - Channel 1 volume: 0.00
2025-12-12 20:53:53,698 - DEBUG - Channel 1 volume: 0.05
2025-12-12 20:53:53,862 - DEBUG - Channel 1 volume: 0.10
2025-12-12 20:53:54,016 - DEBUG - Channel 1 volume: 0.15
2025-12-12 20:53:54,160 - DEBUG - Channel 1 volume: 0.20
2025-12-12 20:53:54,324 - DEBUG - Channel 1 volume: 0.25
2025-12-12 20:53:54,520 - DEBUG - Channel 1 volume: 0.30
2025-12-12 20:53:54,786 - DEBUG - Channel 1 volume: 0.35
2025-12-12 20:53:54,950 - DEBUG - Channel 1 volume: 0.40
2025-12-12 20:53:55,124 - DEBUG - Channel 1 volume: 0.45
2025-12-12 20:53:55,298 - DEBUG - Channel 1 volume: 0.50
2025-12-12 20:53:55,901 - DEBUG - Channel 1 volume: 0.55
2025-12-12 20:53:55,943 - DEBUG - Channel 1 volume: 0.60
2025-12-12 20:53:55,975 - DEBUG - Channel 1 volume: 0.65
2025-12-12 20:53:56,016 - DEBUG - Channel 1 volume: 0.70
2025-12-12 20:53:56,058 - DEBUG - Channel 1 volume: 0.75
2025-12-12 20:53:56,100 - DEBUG - Channel 1 volume: 0.80
2025-12-12 20:53:56,142 - DEBUG - Channel 1 volume: 0.85
2025-12-12 20:53:56,184 - DEBUG - Channel 1 volume: 0.90
2025-12-12 20:53:56,215 - DEBUG - Channel 1 volume: 0.95
2025-12-12 20:53:56,257 - DEBUG - Channel 1 volume: 1.00
2025-12-12 20:53:56,299 - DEBUG - Channel 1 volume: 1.00
2025-12-12 20:53:56,340 - DEBUG - Channel 1 volume: 1.00
2025-12-12 20:53:56,382 - DEBUG - Channel 1 volume: 1.00
2025-12-12 20:53:57,423 - DEBUG - Channel 1 volume: 0.95
2025-12-12 20:53:58,015 - DEBUG - Channel 1 volume: 0.90
2025-12-12 20:53:58,057 - DEBUG - Channel 1 volume: 0.85
2025-12-12 20:53:58,099 - DEBUG - Channel 1 volume: 0.80
2025-12-12 20:53:58,141 - DEBUG - Channel 1 volume: 0.75
2025-12-12 20:53:58,182 - DEBUG - Channel 1 volume: 0.70
2025-12-12 20:53:58,224 - DEBUG - Channel 1 volume: 0.65
2025-12-12 20:53:58,256 - DEBUG - Channel 1 volume: 0.60
2025-12-12 20:53:58,297 - DEBUG - Channel 1 volume: 0.55
2025-12-12 20:53:58,727 - DEBUG - Channel 1 volume: 0.50
2025-12-12 20:53:59,503 - DEBUG - Channel 1 volume: 0.45
2025-12-12 20:54:01,508 - DEBUG - Channel 6 volume: 0.05
2025-12-12 20:54:01,754 - DEBUG - Channel 6 volume: 0.10
2025-12-12 20:54:01,918 - DEBUG - Channel 6 volume: 0.15
2025-12-12 20:54:02,082 - DEBUG - Channel 6 volume: 0.20
2025-12-12 20:54:02,287 - DEBUG - Channel 6 volume: 0.25
2025-12-12 20:54:03,063 - DEBUG - Channel 6 volume: 0.30
2025-12-12 20:54:04,380 - DEBUG - Channel 6 volume: 0.35
2025-12-12 20:54:04,575 - DEBUG - Channel 6 volume: 0.40
2025-12-12 20:54:08,761 - DEBUG - Channel 6 volume: 0.45
2025-12-12 20:54:09,017 - DEBUG - Channel 6 volume: 0.50
2025-12-12 20:54:09,375 - DEBUG - Channel 6 volume: 0.55
2025-12-12 20:54:11,384 - DEBUG - Channel 6 volume: 0.50
2025-12-12 20:54:32,987 - DEBUG - Channel 6 volume: 0.55
2025-12-12 20:54:33,295 - DEBUG - Channel 6 volume: 0.60
2025-12-12 20:54:33,449 - DEBUG - Channel 6 volume: 0.65
2025-12-12 20:54:34,329 - DEBUG - Channel 6 volume: 0.60
2025-12-12 20:54:34,504 - DEBUG - Channel 6 volume: 0.55
